Performing C SOURCE FILE Test CMAKE_HAVE_LIBC_PTHREAD failed with the following output:
Change Dir: /home/martyn/gr-lora_sdr/build/CMakeFiles/CMakeTmp

Run Build Command(s):/usr/bin/make cmTC_c23de/fast && /usr/bin/make  -f CMakeFiles/cmTC_c23de.dir/build.make CMakeFiles/cmTC_c23de.dir/build
make[1]: Entering directory '/home/martyn/gr-lora_sdr/build/CMakeFiles/CMakeTmp'
Building C object CMakeFiles/cmTC_c23de.dir/src.c.o
/usr/bin/cc   -DCMAKE_HAVE_LIBC_PTHREAD -std=gnu11 -o CMakeFiles/cmTC_c23de.dir/src.c.o -c /home/martyn/gr-lora_sdr/build/CMakeFiles/CMakeTmp/src.c
Linking C executable cmTC_c23de
/usr/bin/cmake -E cmake_link_script CMakeFiles/cmTC_c23de.dir/link.txt --verbose=1
/usr/bin/cc  -DCMAKE_HAVE_LIBC_PTHREAD CMakeFiles/cmTC_c23de.dir/src.c.o -o cmTC_c23de 
/usr/bin/ld: CMakeFiles/cmTC_c23de.dir/src.c.o: in function `main':
src.c:(.text+0x3e): undefined reference to `pthread_create'
/usr/bin/ld: src.c:(.text+0x4a): undefined reference to `pthread_detach'
/usr/bin/ld: src.c:(.text+0x56): undefined reference to `pthread_cancel'
/usr/bin/ld: src.c:(.text+0x67): undefined reference to `pthread_join'
collect2: error: ld returned 1 exit status
make[1]: *** [CMakeFiles/cmTC_c23de.dir/build.make:106: cmTC_c23de] Error 1
make[1]: Leaving directory '/home/martyn/gr-lora_sdr/build/CMakeFiles/CMakeTmp'
make: *** [Makefile:140: cmTC_c23de/fast] Error 2


Source file was:
#include <pthread.h>

void* test_func(void* data)
{
  return data;
}

int main(void)
{
  pthread_t thread;
  pthread_create(&thread, NULL, test_func, NULL);
  pthread_detach(thread);
  pthread_cancel(thread);
  pthread_join(thread, NULL);
  pthread_atfork(NULL, NULL, NULL);
  pthread_exit(NULL);

  return 0;
}

Determining if the function pthread_create exists in the pthreads failed with the following output:
Change Dir: /home/martyn/gr-lora_sdr/build/CMakeFiles/CMakeTmp

Run Build Command(s):/usr/bin/make cmTC_4a044/fast && /usr/bin/make  -f CMakeFiles/cmTC_4a044.dir/build.make CMakeFiles/cmTC_4a044.dir/build
make[1]: Entering directory '/home/martyn/gr-lora_sdr/build/CMakeFiles/CMakeTmp'
Building C object CMakeFiles/cmTC_4a044.dir/CheckFunctionExists.c.o
/usr/bin/cc   -DCHECK_FUNCTION_EXISTS=pthread_create -std=gnu11 -o CMakeFiles/cmTC_4a044.dir/CheckFunctionExists.c.o -c /usr/share/cmake-3.18/Modules/CheckFunctionExists.c
Linking C executable cmTC_4a044
/usr/bin/cmake -E cmake_link_script CMakeFiles/cmTC_4a044.dir/link.txt --verbose=1
/usr/bin/cc  -DCHECK_FUNCTION_EXISTS=pthread_create CMakeFiles/cmTC_4a044.dir/CheckFunctionExists.c.o -o cmTC_4a044  -lpthreads 
/usr/bin/ld: cannot find -lpthreads
collect2: error: ld returned 1 exit status
make[1]: *** [CMakeFiles/cmTC_4a044.dir/build.make:106: cmTC_4a044] Error 1
make[1]: Leaving directory '/home/martyn/gr-lora_sdr/build/CMakeFiles/CMakeTmp'
make: *** [Makefile:140: cmTC_4a044/fast] Error 2



Performing C SOURCE FILE Test CMAKE_HAVE_LIBC_PTHREAD failed with the following output:
Change Dir: /home/martyn/gr-lora_sdr/build/CMakeFiles/CMakeTmp

Run Build Command(s):/usr/bin/make cmTC_44f95/fast && make[1]: Entering directory '/home/martyn/gr-lora_sdr/build/CMakeFiles/CMakeTmp'
/usr/bin/make  -f CMakeFiles/cmTC_44f95.dir/build.make CMakeFiles/cmTC_44f95.dir/build
make[2]: Entering directory '/home/martyn/gr-lora_sdr/build/CMakeFiles/CMakeTmp'
Building C object CMakeFiles/cmTC_44f95.dir/src.c.o
/usr/bin/cc -DCMAKE_HAVE_LIBC_PTHREAD  -std=gnu11 -o CMakeFiles/cmTC_44f95.dir/src.c.o -c /home/martyn/gr-lora_sdr/build/CMakeFiles/CMakeTmp/src.c
Linking C executable cmTC_44f95
/usr/bin/cmake -E cmake_link_script CMakeFiles/cmTC_44f95.dir/link.txt --verbose=1
/usr/bin/cc CMakeFiles/cmTC_44f95.dir/src.c.o -o cmTC_44f95 
/usr/bin/ld: CMakeFiles/cmTC_44f95.dir/src.c.o: in function `main':
src.c:(.text+0x3e): undefined reference to `pthread_create'
/usr/bin/ld: src.c:(.text+0x4a): undefined reference to `pthread_detach'
/usr/bin/ld: src.c:(.text+0x56): undefined reference to `pthread_cancel'
/usr/bin/ld: src.c:(.text+0x67): undefined reference to `pthread_join'
collect2: error: ld returned 1 exit status
make[2]: *** [CMakeFiles/cmTC_44f95.dir/build.make:106: cmTC_44f95] Error 1
make[2]: Leaving directory '/home/martyn/gr-lora_sdr/build/CMakeFiles/CMakeTmp'
make[1]: *** [Makefile:140: cmTC_44f95/fast] Error 2
make[1]: Leaving directory '/home/martyn/gr-lora_sdr/build/CMakeFiles/CMakeTmp'


Source file was:
#include <pthread.h>

static void* test_func(void* data)
{
  return data;
}

int main(void)
{
  pthread_t thread;
  pthread_create(&thread, NULL, test_func, NULL);
  pthread_detach(thread);
  pthread_cancel(thread);
  pthread_join(thread, NULL);
  pthread_atfork(NULL, NULL, NULL);
  pthread_exit(NULL);

  return 0;
}

Determining if the function pthread_create exists in the pthreads failed with the following output:
Change Dir: /home/martyn/gr-lora_sdr/build/CMakeFiles/CMakeTmp

Run Build Command(s):/usr/bin/make cmTC_405d6/fast && make[1]: Entering directory '/home/martyn/gr-lora_sdr/build/CMakeFiles/CMakeTmp'
/usr/bin/make  -f CMakeFiles/cmTC_405d6.dir/build.make CMakeFiles/cmTC_405d6.dir/build
make[2]: Entering directory '/home/martyn/gr-lora_sdr/build/CMakeFiles/CMakeTmp'
Building C object CMakeFiles/cmTC_405d6.dir/CheckFunctionExists.c.o
/usr/bin/cc   -DCHECK_FUNCTION_EXISTS=pthread_create -std=gnu11 -o CMakeFiles/cmTC_405d6.dir/CheckFunctionExists.c.o -c /usr/share/cmake-3.19/Modules/CheckFunctionExists.c
Linking C executable cmTC_405d6
/usr/bin/cmake -E cmake_link_script CMakeFiles/cmTC_405d6.dir/link.txt --verbose=1
/usr/bin/cc  -DCHECK_FUNCTION_EXISTS=pthread_create CMakeFiles/cmTC_405d6.dir/CheckFunctionExists.c.o -o cmTC_405d6  -lpthreads 
/usr/bin/ld: cannot find -lpthreads
collect2: error: ld returned 1 exit status
make[2]: *** [CMakeFiles/cmTC_405d6.dir/build.make:106: cmTC_405d6] Error 1
make[2]: Leaving directory '/home/martyn/gr-lora_sdr/build/CMakeFiles/CMakeTmp'
make[1]: *** [Makefile:140: cmTC_405d6/fast] Error 2
make[1]: Leaving directory '/home/martyn/gr-lora_sdr/build/CMakeFiles/CMakeTmp'



