\BOOKMARK [0][-]{chapter.1}{\376\377\000M\000a\000i\000n\000\040\000P\000a\000g\000e}{}% 1
\BOOKMARK [0][-]{chapter.2}{\376\377\000M\000o\000d\000u\000l\000e\000\040\000I\000n\000d\000e\000x}{}% 2
\BOOKMARK [1][-]{section.2.1}{\376\377\000M\000o\000d\000u\000l\000e\000s}{chapter.2}% 3
\BOOKMARK [0][-]{chapter.3}{\376\377\000H\000i\000e\000r\000a\000r\000c\000h\000i\000c\000a\000l\000\040\000I\000n\000d\000e\000x}{}% 4
\BOOKMARK [1][-]{section.3.1}{\376\377\000C\000l\000a\000s\000s\000\040\000H\000i\000e\000r\000a\000r\000c\000h\000y}{chapter.3}% 5
\BOOKMARK [0][-]{chapter.4}{\376\377\000C\000l\000a\000s\000s\000\040\000I\000n\000d\000e\000x}{}% 6
\BOOKMARK [1][-]{section.4.1}{\376\377\000C\000l\000a\000s\000s\000\040\000L\000i\000s\000t}{chapter.4}% 7
\BOOKMARK [0][-]{chapter.5}{\376\377\000F\000i\000l\000e\000\040\000I\000n\000d\000e\000x}{}% 8
\BOOKMARK [1][-]{section.5.1}{\376\377\000F\000i\000l\000e\000\040\000L\000i\000s\000t}{chapter.5}% 9
\BOOKMARK [0][-]{chapter.6}{\376\377\000M\000o\000d\000u\000l\000e\000\040\000D\000o\000c\000u\000m\000e\000n\000t\000a\000t\000i\000o\000n}{}% 10
\BOOKMARK [1][-]{section.6.1}{\376\377\000G\000N\000U\000\040\000R\000a\000d\000i\000o\000\040\000L\000O\000R\000A\000\137\000S\000D\000R\000\040\000C\000+\000+\000\040\000S\000i\000g\000n\000a\000l\000\040\000P\000r\000o\000c\000e\000s\000s\000i\000n\000g\000\040\000B\000l\000o\000c\000k\000s}{chapter.6}% 11
\BOOKMARK [0][-]{chapter.7}{\376\377\000N\000a\000m\000e\000s\000p\000a\000c\000e\000\040\000D\000o\000c\000u\000m\000e\000n\000t\000a\000t\000i\000o\000n}{}% 12
\BOOKMARK [1][-]{section.7.1}{\376\377\000g\000r\000\040\000N\000a\000m\000e\000s\000p\000a\000c\000e\000\040\000R\000e\000f\000e\000r\000e\000n\000c\000e}{chapter.7}% 13
\BOOKMARK [1][-]{section.7.2}{\376\377\000g\000r\000:\000:\000l\000o\000r\000a\000\137\000s\000d\000r\000\040\000N\000a\000m\000e\000s\000p\000a\000c\000e\000\040\000R\000e\000f\000e\000r\000e\000n\000c\000e}{chapter.7}% 14
\BOOKMARK [2][-]{subsection.7.2.1}{\376\377\000F\000u\000n\000c\000t\000i\000o\000n\000\040\000D\000o\000c\000u\000m\000e\000n\000t\000a\000t\000i\000o\000n}{section.7.2}% 15
\BOOKMARK [3][-]{subsubsection.7.2.1.1}{\376\377\000b\000o\000o\000l\0002\000i\000n\000t\000\050\000\051}{subsection.7.2.1}% 16
\BOOKMARK [3][-]{subsubsection.7.2.1.2}{\376\377\000b\000u\000i\000l\000d\000\137\000r\000e\000f\000\137\000c\000h\000i\000r\000p\000s\000\050\000\051}{subsection.7.2.1}% 17
\BOOKMARK [3][-]{subsubsection.7.2.1.3}{\376\377\000b\000u\000i\000l\000d\000\137\000u\000p\000c\000h\000i\000r\000p\000\050\000\051}{subsection.7.2.1}% 18
\BOOKMARK [3][-]{subsubsection.7.2.1.4}{\376\377\000i\000n\000t\0002\000b\000o\000o\000l\000\050\000\051}{subsection.7.2.1}% 19
\BOOKMARK [3][-]{subsubsection.7.2.1.5}{\376\377\000m\000o\000d\000\050\000\051}{subsection.7.2.1}% 20
\BOOKMARK [2][-]{subsection.7.2.2}{\376\377\000V\000a\000r\000i\000a\000b\000l\000e\000\040\000D\000o\000c\000u\000m\000e\000n\000t\000a\000t\000i\000o\000n}{section.7.2}% 21
\BOOKMARK [3][-]{subsubsection.7.2.2.1}{\376\377\000w\000h\000i\000t\000e\000n\000i\000n\000g\000\137\000s\000e\000q}{subsection.7.2.2}% 22
\BOOKMARK [0][-]{chapter.8}{\376\377\000C\000l\000a\000s\000s\000\040\000D\000o\000c\000u\000m\000e\000n\000t\000a\000t\000i\000o\000n}{}% 23
\BOOKMARK [1][-]{section.8.1}{\376\377\000g\000r\000:\000:\000l\000o\000r\000a\000\137\000s\000d\000r\000:\000:\000a\000d\000d\000\137\000c\000r\000c\000\040\000C\000l\000a\000s\000s\000\040\000R\000e\000f\000e\000r\000e\000n\000c\000e}{chapter.8}% 24
\BOOKMARK [2][-]{subsection.8.1.1}{\376\377\000D\000e\000t\000a\000i\000l\000e\000d\000\040\000D\000e\000s\000c\000r\000i\000p\000t\000i\000o\000n}{section.8.1}% 25
\BOOKMARK [2][-]{subsection.8.1.2}{\376\377\000M\000e\000m\000b\000e\000r\000\040\000T\000y\000p\000e\000d\000e\000f\000\040\000D\000o\000c\000u\000m\000e\000n\000t\000a\000t\000i\000o\000n}{section.8.1}% 26
\BOOKMARK [3][-]{subsubsection.8.1.2.1}{\376\377\000s\000p\000t\000r}{subsection.8.1.2}% 27
\BOOKMARK [2][-]{subsection.8.1.3}{\376\377\000M\000e\000m\000b\000e\000r\000\040\000F\000u\000n\000c\000t\000i\000o\000n\000\040\000D\000o\000c\000u\000m\000e\000n\000t\000a\000t\000i\000o\000n}{section.8.1}% 28
\BOOKMARK [3][-]{subsubsection.8.1.3.1}{\376\377\000m\000a\000k\000e\000\050\000\051}{subsection.8.1.3}% 29
\BOOKMARK [1][-]{section.8.2}{\376\377\000g\000r\000:\000:\000l\000o\000r\000a\000\137\000s\000d\000r\000:\000:\000a\000d\000d\000\137\000c\000r\000c\000\137\000i\000m\000p\000l\000\040\000C\000l\000a\000s\000s\000\040\000R\000e\000f\000e\000r\000e\000n\000c\000e}{chapter.8}% 30
\BOOKMARK [2][-]{subsection.8.2.1}{\376\377\000C\000o\000n\000s\000t\000r\000u\000c\000t\000o\000r\000\040\000\046\000\040\000D\000e\000s\000t\000r\000u\000c\000t\000o\000r\000\040\000D\000o\000c\000u\000m\000e\000n\000t\000a\000t\000i\000o\000n}{section.8.2}% 31
\BOOKMARK [3][-]{subsubsection.8.2.1.1}{\376\377\000a\000d\000d\000\137\000c\000r\000c\000\137\000i\000m\000p\000l\000\050\000\051}{subsection.8.2.1}% 32
\BOOKMARK [3][-]{subsubsection.8.2.1.2}{\376\377\000\040\000a\000d\000d\000\137\000c\000r\000c\000\137\000i\000m\000p\000l\000\050\000\051}{subsection.8.2.1}% 33
\BOOKMARK [2][-]{subsection.8.2.2}{\376\377\000M\000e\000m\000b\000e\000r\000\040\000F\000u\000n\000c\000t\000i\000o\000n\000\040\000D\000o\000c\000u\000m\000e\000n\000t\000a\000t\000i\000o\000n}{section.8.2}% 34
\BOOKMARK [3][-]{subsubsection.8.2.2.1}{\376\377\000f\000o\000r\000e\000c\000a\000s\000t\000\050\000\051}{subsection.8.2.2}% 35
\BOOKMARK [3][-]{subsubsection.8.2.2.2}{\376\377\000g\000e\000n\000e\000r\000a\000l\000\137\000w\000o\000r\000k\000\050\000\051}{subsection.8.2.2}% 36
\BOOKMARK [1][-]{section.8.3}{\376\377\000g\000r\000:\000:\000l\000o\000r\000a\000\137\000s\000d\000r\000:\000:\000c\000r\000c\000\137\000v\000e\000r\000i\000f\000\040\000C\000l\000a\000s\000s\000\040\000R\000e\000f\000e\000r\000e\000n\000c\000e}{chapter.8}% 37
\BOOKMARK [2][-]{subsection.8.3.1}{\376\377\000D\000e\000t\000a\000i\000l\000e\000d\000\040\000D\000e\000s\000c\000r\000i\000p\000t\000i\000o\000n}{section.8.3}% 38
\BOOKMARK [2][-]{subsection.8.3.2}{\376\377\000M\000e\000m\000b\000e\000r\000\040\000T\000y\000p\000e\000d\000e\000f\000\040\000D\000o\000c\000u\000m\000e\000n\000t\000a\000t\000i\000o\000n}{section.8.3}% 39
\BOOKMARK [3][-]{subsubsection.8.3.2.1}{\376\377\000s\000p\000t\000r}{subsection.8.3.2}% 40
\BOOKMARK [2][-]{subsection.8.3.3}{\376\377\000M\000e\000m\000b\000e\000r\000\040\000F\000u\000n\000c\000t\000i\000o\000n\000\040\000D\000o\000c\000u\000m\000e\000n\000t\000a\000t\000i\000o\000n}{section.8.3}% 41
\BOOKMARK [3][-]{subsubsection.8.3.3.1}{\376\377\000m\000a\000k\000e\000\050\000\051}{subsection.8.3.3}% 42
\BOOKMARK [1][-]{section.8.4}{\376\377\000g\000r\000:\000:\000l\000o\000r\000a\000\137\000s\000d\000r\000:\000:\000c\000r\000c\000\137\000v\000e\000r\000i\000f\000\137\000i\000m\000p\000l\000\040\000C\000l\000a\000s\000s\000\040\000R\000e\000f\000e\000r\000e\000n\000c\000e}{chapter.8}% 43
\BOOKMARK [2][-]{subsection.8.4.1}{\376\377\000C\000o\000n\000s\000t\000r\000u\000c\000t\000o\000r\000\040\000\046\000\040\000D\000e\000s\000t\000r\000u\000c\000t\000o\000r\000\040\000D\000o\000c\000u\000m\000e\000n\000t\000a\000t\000i\000o\000n}{section.8.4}% 44
\BOOKMARK [3][-]{subsubsection.8.4.1.1}{\376\377\000c\000r\000c\000\137\000v\000e\000r\000i\000f\000\137\000i\000m\000p\000l\000\050\000\051}{subsection.8.4.1}% 45
\BOOKMARK [3][-]{subsubsection.8.4.1.2}{\376\377\000\040\000c\000r\000c\000\137\000v\000e\000r\000i\000f\000\137\000i\000m\000p\000l\000\050\000\051}{subsection.8.4.1}% 46
\BOOKMARK [2][-]{subsection.8.4.2}{\376\377\000M\000e\000m\000b\000e\000r\000\040\000F\000u\000n\000c\000t\000i\000o\000n\000\040\000D\000o\000c\000u\000m\000e\000n\000t\000a\000t\000i\000o\000n}{section.8.4}% 47
\BOOKMARK [3][-]{subsubsection.8.4.2.1}{\376\377\000f\000o\000r\000e\000c\000a\000s\000t\000\050\000\051}{subsection.8.4.2}% 48
\BOOKMARK [3][-]{subsubsection.8.4.2.2}{\376\377\000g\000e\000n\000e\000r\000a\000l\000\137\000w\000o\000r\000k\000\050\000\051}{subsection.8.4.2}% 49
\BOOKMARK [1][-]{section.8.5}{\376\377\000g\000r\000:\000:\000l\000o\000r\000a\000\137\000s\000d\000r\000:\000:\000d\000a\000t\000a\000\137\000s\000o\000u\000r\000c\000e\000\040\000C\000l\000a\000s\000s\000\040\000R\000e\000f\000e\000r\000e\000n\000c\000e}{chapter.8}% 50
\BOOKMARK [2][-]{subsection.8.5.1}{\376\377\000D\000e\000t\000a\000i\000l\000e\000d\000\040\000D\000e\000s\000c\000r\000i\000p\000t\000i\000o\000n}{section.8.5}% 51
\BOOKMARK [2][-]{subsection.8.5.2}{\376\377\000M\000e\000m\000b\000e\000r\000\040\000T\000y\000p\000e\000d\000e\000f\000\040\000D\000o\000c\000u\000m\000e\000n\000t\000a\000t\000i\000o\000n}{section.8.5}% 52
\BOOKMARK [3][-]{subsubsection.8.5.2.1}{\376\377\000s\000p\000t\000r}{subsection.8.5.2}% 53
\BOOKMARK [2][-]{subsection.8.5.3}{\376\377\000M\000e\000m\000b\000e\000r\000\040\000F\000u\000n\000c\000t\000i\000o\000n\000\040\000D\000o\000c\000u\000m\000e\000n\000t\000a\000t\000i\000o\000n}{section.8.5}% 54
\BOOKMARK [3][-]{subsubsection.8.5.3.1}{\376\377\000m\000a\000k\000e\000\050\000\051}{subsection.8.5.3}% 55
\BOOKMARK [1][-]{section.8.6}{\376\377\000g\000r\000:\000:\000l\000o\000r\000a\000\137\000s\000d\000r\000:\000:\000d\000a\000t\000a\000\137\000s\000o\000u\000r\000c\000e\000\137\000i\000m\000p\000l\000\040\000C\000l\000a\000s\000s\000\040\000R\000e\000f\000e\000r\000e\000n\000c\000e}{chapter.8}% 56
\BOOKMARK [2][-]{subsection.8.6.1}{\376\377\000C\000o\000n\000s\000t\000r\000u\000c\000t\000o\000r\000\040\000\046\000\040\000D\000e\000s\000t\000r\000u\000c\000t\000o\000r\000\040\000D\000o\000c\000u\000m\000e\000n\000t\000a\000t\000i\000o\000n}{section.8.6}% 57
\BOOKMARK [3][-]{subsubsection.8.6.1.1}{\376\377\000d\000a\000t\000a\000\137\000s\000o\000u\000r\000c\000e\000\137\000i\000m\000p\000l\000\050\000\051}{subsection.8.6.1}% 58
\BOOKMARK [3][-]{subsubsection.8.6.1.2}{\376\377\000\040\000d\000a\000t\000a\000\137\000s\000o\000u\000r\000c\000e\000\137\000i\000m\000p\000l\000\050\000\051}{subsection.8.6.1}% 59
\BOOKMARK [2][-]{subsection.8.6.2}{\376\377\000M\000e\000m\000b\000e\000r\000\040\000F\000u\000n\000c\000t\000i\000o\000n\000\040\000D\000o\000c\000u\000m\000e\000n\000t\000a\000t\000i\000o\000n}{section.8.6}% 60
\BOOKMARK [3][-]{subsubsection.8.6.2.1}{\376\377\000w\000o\000r\000k\000\050\000\051}{subsection.8.6.2}% 61
\BOOKMARK [1][-]{section.8.7}{\376\377\000g\000r\000:\000:\000l\000o\000r\000a\000\137\000s\000d\000r\000:\000:\000d\000e\000i\000n\000t\000e\000r\000l\000e\000a\000v\000e\000r\000\040\000C\000l\000a\000s\000s\000\040\000R\000e\000f\000e\000r\000e\000n\000c\000e}{chapter.8}% 62
\BOOKMARK [2][-]{subsection.8.7.1}{\376\377\000D\000e\000t\000a\000i\000l\000e\000d\000\040\000D\000e\000s\000c\000r\000i\000p\000t\000i\000o\000n}{section.8.7}% 63
\BOOKMARK [2][-]{subsection.8.7.2}{\376\377\000M\000e\000m\000b\000e\000r\000\040\000T\000y\000p\000e\000d\000e\000f\000\040\000D\000o\000c\000u\000m\000e\000n\000t\000a\000t\000i\000o\000n}{section.8.7}% 64
\BOOKMARK [3][-]{subsubsection.8.7.2.1}{\376\377\000s\000p\000t\000r}{subsection.8.7.2}% 65
\BOOKMARK [2][-]{subsection.8.7.3}{\376\377\000M\000e\000m\000b\000e\000r\000\040\000F\000u\000n\000c\000t\000i\000o\000n\000\040\000D\000o\000c\000u\000m\000e\000n\000t\000a\000t\000i\000o\000n}{section.8.7}% 66
\BOOKMARK [3][-]{subsubsection.8.7.3.1}{\376\377\000m\000a\000k\000e\000\050\000\051}{subsection.8.7.3}% 67
\BOOKMARK [1][-]{section.8.8}{\376\377\000g\000r\000:\000:\000l\000o\000r\000a\000\137\000s\000d\000r\000:\000:\000d\000e\000i\000n\000t\000e\000r\000l\000e\000a\000v\000e\000r\000\137\000i\000m\000p\000l\000\040\000C\000l\000a\000s\000s\000\040\000R\000e\000f\000e\000r\000e\000n\000c\000e}{chapter.8}% 68
\BOOKMARK [2][-]{subsection.8.8.1}{\376\377\000C\000o\000n\000s\000t\000r\000u\000c\000t\000o\000r\000\040\000\046\000\040\000D\000e\000s\000t\000r\000u\000c\000t\000o\000r\000\040\000D\000o\000c\000u\000m\000e\000n\000t\000a\000t\000i\000o\000n}{section.8.8}% 69
\BOOKMARK [3][-]{subsubsection.8.8.1.1}{\376\377\000d\000e\000i\000n\000t\000e\000r\000l\000e\000a\000v\000e\000r\000\137\000i\000m\000p\000l\000\050\000\051}{subsection.8.8.1}% 70
\BOOKMARK [3][-]{subsubsection.8.8.1.2}{\376\377\000\040\000d\000e\000i\000n\000t\000e\000r\000l\000e\000a\000v\000e\000r\000\137\000i\000m\000p\000l\000\050\000\051}{subsection.8.8.1}% 71
\BOOKMARK [2][-]{subsection.8.8.2}{\376\377\000M\000e\000m\000b\000e\000r\000\040\000F\000u\000n\000c\000t\000i\000o\000n\000\040\000D\000o\000c\000u\000m\000e\000n\000t\000a\000t\000i\000o\000n}{section.8.8}% 72
\BOOKMARK [3][-]{subsubsection.8.8.2.1}{\376\377\000f\000o\000r\000e\000c\000a\000s\000t\000\050\000\051}{subsection.8.8.2}% 73
\BOOKMARK [3][-]{subsubsection.8.8.2.2}{\376\377\000g\000e\000n\000e\000r\000a\000l\000\137\000w\000o\000r\000k\000\050\000\051}{subsection.8.8.2}% 74
\BOOKMARK [1][-]{section.8.9}{\376\377\000g\000r\000:\000:\000l\000o\000r\000a\000\137\000s\000d\000r\000:\000:\000d\000e\000w\000h\000i\000t\000e\000n\000i\000n\000g\000\040\000C\000l\000a\000s\000s\000\040\000R\000e\000f\000e\000r\000e\000n\000c\000e}{chapter.8}% 75
\BOOKMARK [2][-]{subsection.8.9.1}{\376\377\000D\000e\000t\000a\000i\000l\000e\000d\000\040\000D\000e\000s\000c\000r\000i\000p\000t\000i\000o\000n}{section.8.9}% 76
\BOOKMARK [2][-]{subsection.8.9.2}{\376\377\000M\000e\000m\000b\000e\000r\000\040\000T\000y\000p\000e\000d\000e\000f\000\040\000D\000o\000c\000u\000m\000e\000n\000t\000a\000t\000i\000o\000n}{section.8.9}% 77
\BOOKMARK [3][-]{subsubsection.8.9.2.1}{\376\377\000s\000p\000t\000r}{subsection.8.9.2}% 78
\BOOKMARK [2][-]{subsection.8.9.3}{\376\377\000M\000e\000m\000b\000e\000r\000\040\000F\000u\000n\000c\000t\000i\000o\000n\000\040\000D\000o\000c\000u\000m\000e\000n\000t\000a\000t\000i\000o\000n}{section.8.9}% 79
\BOOKMARK [3][-]{subsubsection.8.9.3.1}{\376\377\000m\000a\000k\000e\000\050\000\051}{subsection.8.9.3}% 80
\BOOKMARK [1][-]{section.8.10}{\376\377\000g\000r\000:\000:\000l\000o\000r\000a\000\137\000s\000d\000r\000:\000:\000d\000e\000w\000h\000i\000t\000e\000n\000i\000n\000g\000\137\000i\000m\000p\000l\000\040\000C\000l\000a\000s\000s\000\040\000R\000e\000f\000e\000r\000e\000n\000c\000e}{chapter.8}% 81
\BOOKMARK [2][-]{subsection.8.10.1}{\376\377\000C\000o\000n\000s\000t\000r\000u\000c\000t\000o\000r\000\040\000\046\000\040\000D\000e\000s\000t\000r\000u\000c\000t\000o\000r\000\040\000D\000o\000c\000u\000m\000e\000n\000t\000a\000t\000i\000o\000n}{section.8.10}% 82
\BOOKMARK [3][-]{subsubsection.8.10.1.1}{\376\377\000d\000e\000w\000h\000i\000t\000e\000n\000i\000n\000g\000\137\000i\000m\000p\000l\000\050\000\051}{subsection.8.10.1}% 83
\BOOKMARK [3][-]{subsubsection.8.10.1.2}{\376\377\000\040\000d\000e\000w\000h\000i\000t\000e\000n\000i\000n\000g\000\137\000i\000m\000p\000l\000\050\000\051}{subsection.8.10.1}% 84
\BOOKMARK [2][-]{subsection.8.10.2}{\376\377\000M\000e\000m\000b\000e\000r\000\040\000F\000u\000n\000c\000t\000i\000o\000n\000\040\000D\000o\000c\000u\000m\000e\000n\000t\000a\000t\000i\000o\000n}{section.8.10}% 85
\BOOKMARK [3][-]{subsubsection.8.10.2.1}{\376\377\000f\000o\000r\000e\000c\000a\000s\000t\000\050\000\051}{subsection.8.10.2}% 86
\BOOKMARK [3][-]{subsubsection.8.10.2.2}{\376\377\000g\000e\000n\000e\000r\000a\000l\000\137\000w\000o\000r\000k\000\050\000\051}{subsection.8.10.2}% 87
\BOOKMARK [1][-]{section.8.11}{\376\377\000g\000r\000:\000:\000l\000o\000r\000a\000\137\000s\000d\000r\000:\000:\000e\000r\000r\000\137\000m\000e\000a\000s\000u\000r\000e\000s\000\040\000C\000l\000a\000s\000s\000\040\000R\000e\000f\000e\000r\000e\000n\000c\000e}{chapter.8}% 88
\BOOKMARK [2][-]{subsection.8.11.1}{\376\377\000D\000e\000t\000a\000i\000l\000e\000d\000\040\000D\000e\000s\000c\000r\000i\000p\000t\000i\000o\000n}{section.8.11}% 89
\BOOKMARK [2][-]{subsection.8.11.2}{\376\377\000M\000e\000m\000b\000e\000r\000\040\000T\000y\000p\000e\000d\000e\000f\000\040\000D\000o\000c\000u\000m\000e\000n\000t\000a\000t\000i\000o\000n}{section.8.11}% 90
\BOOKMARK [3][-]{subsubsection.8.11.2.1}{\376\377\000s\000p\000t\000r}{subsection.8.11.2}% 91
\BOOKMARK [2][-]{subsection.8.11.3}{\376\377\000M\000e\000m\000b\000e\000r\000\040\000F\000u\000n\000c\000t\000i\000o\000n\000\040\000D\000o\000c\000u\000m\000e\000n\000t\000a\000t\000i\000o\000n}{section.8.11}% 92
\BOOKMARK [3][-]{subsubsection.8.11.3.1}{\376\377\000m\000a\000k\000e\000\050\000\051}{subsection.8.11.3}% 93
\BOOKMARK [1][-]{section.8.12}{\376\377\000g\000r\000:\000:\000l\000o\000r\000a\000\137\000s\000d\000r\000:\000:\000e\000r\000r\000\137\000m\000e\000a\000s\000u\000r\000e\000s\000\137\000i\000m\000p\000l\000\040\000C\000l\000a\000s\000s\000\040\000R\000e\000f\000e\000r\000e\000n\000c\000e}{chapter.8}% 94
\BOOKMARK [2][-]{subsection.8.12.1}{\376\377\000C\000o\000n\000s\000t\000r\000u\000c\000t\000o\000r\000\040\000\046\000\040\000D\000e\000s\000t\000r\000u\000c\000t\000o\000r\000\040\000D\000o\000c\000u\000m\000e\000n\000t\000a\000t\000i\000o\000n}{section.8.12}% 95
\BOOKMARK [3][-]{subsubsection.8.12.1.1}{\376\377\000e\000r\000r\000\137\000m\000e\000a\000s\000u\000r\000e\000s\000\137\000i\000m\000p\000l\000\050\000\051}{subsection.8.12.1}% 96
\BOOKMARK [3][-]{subsubsection.8.12.1.2}{\376\377\000\040\000e\000r\000r\000\137\000m\000e\000a\000s\000u\000r\000e\000s\000\137\000i\000m\000p\000l\000\050\000\051}{subsection.8.12.1}% 97
\BOOKMARK [2][-]{subsection.8.12.2}{\376\377\000M\000e\000m\000b\000e\000r\000\040\000F\000u\000n\000c\000t\000i\000o\000n\000\040\000D\000o\000c\000u\000m\000e\000n\000t\000a\000t\000i\000o\000n}{section.8.12}% 98
\BOOKMARK [3][-]{subsubsection.8.12.2.1}{\376\377\000w\000o\000r\000k\000\050\000\051}{subsection.8.12.2}% 99
\BOOKMARK [1][-]{section.8.13}{\376\377\000g\000r\000:\000:\000l\000o\000r\000a\000\137\000s\000d\000r\000:\000:\000f\000f\000t\000\137\000d\000e\000m\000o\000d\000\040\000C\000l\000a\000s\000s\000\040\000R\000e\000f\000e\000r\000e\000n\000c\000e}{chapter.8}% 100
\BOOKMARK [2][-]{subsection.8.13.1}{\376\377\000D\000e\000t\000a\000i\000l\000e\000d\000\040\000D\000e\000s\000c\000r\000i\000p\000t\000i\000o\000n}{section.8.13}% 101
\BOOKMARK [2][-]{subsection.8.13.2}{\376\377\000M\000e\000m\000b\000e\000r\000\040\000T\000y\000p\000e\000d\000e\000f\000\040\000D\000o\000c\000u\000m\000e\000n\000t\000a\000t\000i\000o\000n}{section.8.13}% 102
\BOOKMARK [3][-]{subsubsection.8.13.2.1}{\376\377\000s\000p\000t\000r}{subsection.8.13.2}% 103
\BOOKMARK [2][-]{subsection.8.13.3}{\376\377\000M\000e\000m\000b\000e\000r\000\040\000F\000u\000n\000c\000t\000i\000o\000n\000\040\000D\000o\000c\000u\000m\000e\000n\000t\000a\000t\000i\000o\000n}{section.8.13}% 104
\BOOKMARK [3][-]{subsubsection.8.13.3.1}{\376\377\000m\000a\000k\000e\000\050\000\051}{subsection.8.13.3}% 105
\BOOKMARK [1][-]{section.8.14}{\376\377\000g\000r\000:\000:\000l\000o\000r\000a\000\137\000s\000d\000r\000:\000:\000f\000f\000t\000\137\000d\000e\000m\000o\000d\000\137\000i\000m\000p\000l\000\040\000C\000l\000a\000s\000s\000\040\000R\000e\000f\000e\000r\000e\000n\000c\000e}{chapter.8}% 106
\BOOKMARK [2][-]{subsection.8.14.1}{\376\377\000C\000o\000n\000s\000t\000r\000u\000c\000t\000o\000r\000\040\000\046\000\040\000D\000e\000s\000t\000r\000u\000c\000t\000o\000r\000\040\000D\000o\000c\000u\000m\000e\000n\000t\000a\000t\000i\000o\000n}{section.8.14}% 107
\BOOKMARK [3][-]{subsubsection.8.14.1.1}{\376\377\000f\000f\000t\000\137\000d\000e\000m\000o\000d\000\137\000i\000m\000p\000l\000\050\000\051}{subsection.8.14.1}% 108
\BOOKMARK [3][-]{subsubsection.8.14.1.2}{\376\377\000\040\000f\000f\000t\000\137\000d\000e\000m\000o\000d\000\137\000i\000m\000p\000l\000\050\000\051}{subsection.8.14.1}% 109
\BOOKMARK [2][-]{subsection.8.14.2}{\376\377\000M\000e\000m\000b\000e\000r\000\040\000F\000u\000n\000c\000t\000i\000o\000n\000\040\000D\000o\000c\000u\000m\000e\000n\000t\000a\000t\000i\000o\000n}{section.8.14}% 110
\BOOKMARK [3][-]{subsubsection.8.14.2.1}{\376\377\000f\000o\000r\000e\000c\000a\000s\000t\000\050\000\051}{subsection.8.14.2}% 111
\BOOKMARK [3][-]{subsubsection.8.14.2.2}{\376\377\000g\000e\000n\000e\000r\000a\000l\000\137\000w\000o\000r\000k\000\050\000\051}{subsection.8.14.2}% 112
\BOOKMARK [1][-]{section.8.15}{\376\377\000g\000r\000:\000:\000l\000o\000r\000a\000\137\000s\000d\000r\000:\000:\000f\000r\000a\000m\000e\000\137\000s\000y\000n\000c\000\040\000C\000l\000a\000s\000s\000\040\000R\000e\000f\000e\000r\000e\000n\000c\000e}{chapter.8}% 113
\BOOKMARK [2][-]{subsection.8.15.1}{\376\377\000D\000e\000t\000a\000i\000l\000e\000d\000\040\000D\000e\000s\000c\000r\000i\000p\000t\000i\000o\000n}{section.8.15}% 114
\BOOKMARK [2][-]{subsection.8.15.2}{\376\377\000M\000e\000m\000b\000e\000r\000\040\000T\000y\000p\000e\000d\000e\000f\000\040\000D\000o\000c\000u\000m\000e\000n\000t\000a\000t\000i\000o\000n}{section.8.15}% 115
\BOOKMARK [3][-]{subsubsection.8.15.2.1}{\376\377\000s\000p\000t\000r}{subsection.8.15.2}% 116
\BOOKMARK [2][-]{subsection.8.15.3}{\376\377\000M\000e\000m\000b\000e\000r\000\040\000F\000u\000n\000c\000t\000i\000o\000n\000\040\000D\000o\000c\000u\000m\000e\000n\000t\000a\000t\000i\000o\000n}{section.8.15}% 117
\BOOKMARK [3][-]{subsubsection.8.15.3.1}{\376\377\000m\000a\000k\000e\000\050\000\051}{subsection.8.15.3}% 118
\BOOKMARK [1][-]{section.8.16}{\376\377\000g\000r\000:\000:\000l\000o\000r\000a\000\137\000s\000d\000r\000:\000:\000f\000r\000a\000m\000e\000\137\000s\000y\000n\000c\000\137\000i\000m\000p\000l\000\040\000C\000l\000a\000s\000s\000\040\000R\000e\000f\000e\000r\000e\000n\000c\000e}{chapter.8}% 119
\BOOKMARK [2][-]{subsection.8.16.1}{\376\377\000C\000o\000n\000s\000t\000r\000u\000c\000t\000o\000r\000\040\000\046\000\040\000D\000e\000s\000t\000r\000u\000c\000t\000o\000r\000\040\000D\000o\000c\000u\000m\000e\000n\000t\000a\000t\000i\000o\000n}{section.8.16}% 120
\BOOKMARK [3][-]{subsubsection.8.16.1.1}{\376\377\000f\000r\000a\000m\000e\000\137\000s\000y\000n\000c\000\137\000i\000m\000p\000l\000\050\000\051}{subsection.8.16.1}% 121
\BOOKMARK [3][-]{subsubsection.8.16.1.2}{\376\377\000\040\000f\000r\000a\000m\000e\000\137\000s\000y\000n\000c\000\137\000i\000m\000p\000l\000\050\000\051}{subsection.8.16.1}% 122
\BOOKMARK [2][-]{subsection.8.16.2}{\376\377\000M\000e\000m\000b\000e\000r\000\040\000F\000u\000n\000c\000t\000i\000o\000n\000\040\000D\000o\000c\000u\000m\000e\000n\000t\000a\000t\000i\000o\000n}{section.8.16}% 123
\BOOKMARK [3][-]{subsubsection.8.16.2.1}{\376\377\000f\000o\000r\000e\000c\000a\000s\000t\000\050\000\051}{subsection.8.16.2}% 124
\BOOKMARK [3][-]{subsubsection.8.16.2.2}{\376\377\000g\000e\000n\000e\000r\000a\000l\000\137\000w\000o\000r\000k\000\050\000\051}{subsection.8.16.2}% 125
\BOOKMARK [1][-]{section.8.17}{\376\377\000g\000r\000:\000:\000l\000o\000r\000a\000\137\000s\000d\000r\000:\000:\000g\000r\000a\000y\000\137\000d\000e\000c\000o\000d\000e\000\040\000C\000l\000a\000s\000s\000\040\000R\000e\000f\000e\000r\000e\000n\000c\000e}{chapter.8}% 126
\BOOKMARK [2][-]{subsection.8.17.1}{\376\377\000D\000e\000t\000a\000i\000l\000e\000d\000\040\000D\000e\000s\000c\000r\000i\000p\000t\000i\000o\000n}{section.8.17}% 127
\BOOKMARK [2][-]{subsection.8.17.2}{\376\377\000M\000e\000m\000b\000e\000r\000\040\000T\000y\000p\000e\000d\000e\000f\000\040\000D\000o\000c\000u\000m\000e\000n\000t\000a\000t\000i\000o\000n}{section.8.17}% 128
\BOOKMARK [3][-]{subsubsection.8.17.2.1}{\376\377\000s\000p\000t\000r}{subsection.8.17.2}% 129
\BOOKMARK [2][-]{subsection.8.17.3}{\376\377\000M\000e\000m\000b\000e\000r\000\040\000F\000u\000n\000c\000t\000i\000o\000n\000\040\000D\000o\000c\000u\000m\000e\000n\000t\000a\000t\000i\000o\000n}{section.8.17}% 130
\BOOKMARK [3][-]{subsubsection.8.17.3.1}{\376\377\000m\000a\000k\000e\000\050\000\051}{subsection.8.17.3}% 131
\BOOKMARK [1][-]{section.8.18}{\376\377\000g\000r\000:\000:\000l\000o\000r\000a\000\137\000s\000d\000r\000:\000:\000g\000r\000a\000y\000\137\000d\000e\000c\000o\000d\000e\000\137\000i\000m\000p\000l\000\040\000C\000l\000a\000s\000s\000\040\000R\000e\000f\000e\000r\000e\000n\000c\000e}{chapter.8}% 132
\BOOKMARK [2][-]{subsection.8.18.1}{\376\377\000C\000o\000n\000s\000t\000r\000u\000c\000t\000o\000r\000\040\000\046\000\040\000D\000e\000s\000t\000r\000u\000c\000t\000o\000r\000\040\000D\000o\000c\000u\000m\000e\000n\000t\000a\000t\000i\000o\000n}{section.8.18}% 133
\BOOKMARK [3][-]{subsubsection.8.18.1.1}{\376\377\000g\000r\000a\000y\000\137\000d\000e\000c\000o\000d\000e\000\137\000i\000m\000p\000l\000\050\000\051}{subsection.8.18.1}% 134
\BOOKMARK [3][-]{subsubsection.8.18.1.2}{\376\377\000\040\000g\000r\000a\000y\000\137\000d\000e\000c\000o\000d\000e\000\137\000i\000m\000p\000l\000\050\000\051}{subsection.8.18.1}% 135
\BOOKMARK [2][-]{subsection.8.18.2}{\376\377\000M\000e\000m\000b\000e\000r\000\040\000F\000u\000n\000c\000t\000i\000o\000n\000\040\000D\000o\000c\000u\000m\000e\000n\000t\000a\000t\000i\000o\000n}{section.8.18}% 136
\BOOKMARK [3][-]{subsubsection.8.18.2.1}{\376\377\000w\000o\000r\000k\000\050\000\051}{subsection.8.18.2}% 137
\BOOKMARK [1][-]{section.8.19}{\376\377\000g\000r\000:\000:\000l\000o\000r\000a\000\137\000s\000d\000r\000:\000:\000g\000r\000a\000y\000\137\000e\000n\000c\000\040\000C\000l\000a\000s\000s\000\040\000R\000e\000f\000e\000r\000e\000n\000c\000e}{chapter.8}% 138
\BOOKMARK [2][-]{subsection.8.19.1}{\376\377\000D\000e\000t\000a\000i\000l\000e\000d\000\040\000D\000e\000s\000c\000r\000i\000p\000t\000i\000o\000n}{section.8.19}% 139
\BOOKMARK [2][-]{subsection.8.19.2}{\376\377\000M\000e\000m\000b\000e\000r\000\040\000T\000y\000p\000e\000d\000e\000f\000\040\000D\000o\000c\000u\000m\000e\000n\000t\000a\000t\000i\000o\000n}{section.8.19}% 140
\BOOKMARK [3][-]{subsubsection.8.19.2.1}{\376\377\000s\000p\000t\000r}{subsection.8.19.2}% 141
\BOOKMARK [2][-]{subsection.8.19.3}{\376\377\000M\000e\000m\000b\000e\000r\000\040\000F\000u\000n\000c\000t\000i\000o\000n\000\040\000D\000o\000c\000u\000m\000e\000n\000t\000a\000t\000i\000o\000n}{section.8.19}% 142
\BOOKMARK [3][-]{subsubsection.8.19.3.1}{\376\377\000m\000a\000k\000e\000\050\000\051}{subsection.8.19.3}% 143
\BOOKMARK [1][-]{section.8.20}{\376\377\000g\000r\000:\000:\000l\000o\000r\000a\000\137\000s\000d\000r\000:\000:\000g\000r\000a\000y\000\137\000e\000n\000c\000\137\000i\000m\000p\000l\000\040\000C\000l\000a\000s\000s\000\040\000R\000e\000f\000e\000r\000e\000n\000c\000e}{chapter.8}% 144
\BOOKMARK [2][-]{subsection.8.20.1}{\376\377\000C\000o\000n\000s\000t\000r\000u\000c\000t\000o\000r\000\040\000\046\000\040\000D\000e\000s\000t\000r\000u\000c\000t\000o\000r\000\040\000D\000o\000c\000u\000m\000e\000n\000t\000a\000t\000i\000o\000n}{section.8.20}% 145
\BOOKMARK [3][-]{subsubsection.8.20.1.1}{\376\377\000g\000r\000a\000y\000\137\000e\000n\000c\000\137\000i\000m\000p\000l\000\050\000\051}{subsection.8.20.1}% 146
\BOOKMARK [3][-]{subsubsection.8.20.1.2}{\376\377\000\040\000g\000r\000a\000y\000\137\000e\000n\000c\000\137\000i\000m\000p\000l\000\050\000\051}{subsection.8.20.1}% 147
\BOOKMARK [2][-]{subsection.8.20.2}{\376\377\000M\000e\000m\000b\000e\000r\000\040\000F\000u\000n\000c\000t\000i\000o\000n\000\040\000D\000o\000c\000u\000m\000e\000n\000t\000a\000t\000i\000o\000n}{section.8.20}% 148
\BOOKMARK [3][-]{subsubsection.8.20.2.1}{\376\377\000w\000o\000r\000k\000\050\000\051}{subsection.8.20.2}% 149
\BOOKMARK [1][-]{section.8.21}{\376\377\000g\000r\000:\000:\000l\000o\000r\000a\000\137\000s\000d\000r\000:\000:\000h\000a\000m\000m\000i\000n\000g\000\137\000d\000e\000c\000\040\000C\000l\000a\000s\000s\000\040\000R\000e\000f\000e\000r\000e\000n\000c\000e}{chapter.8}% 150
\BOOKMARK [2][-]{subsection.8.21.1}{\376\377\000D\000e\000t\000a\000i\000l\000e\000d\000\040\000D\000e\000s\000c\000r\000i\000p\000t\000i\000o\000n}{section.8.21}% 151
\BOOKMARK [2][-]{subsection.8.21.2}{\376\377\000M\000e\000m\000b\000e\000r\000\040\000T\000y\000p\000e\000d\000e\000f\000\040\000D\000o\000c\000u\000m\000e\000n\000t\000a\000t\000i\000o\000n}{section.8.21}% 152
\BOOKMARK [3][-]{subsubsection.8.21.2.1}{\376\377\000s\000p\000t\000r}{subsection.8.21.2}% 153
\BOOKMARK [2][-]{subsection.8.21.3}{\376\377\000M\000e\000m\000b\000e\000r\000\040\000F\000u\000n\000c\000t\000i\000o\000n\000\040\000D\000o\000c\000u\000m\000e\000n\000t\000a\000t\000i\000o\000n}{section.8.21}% 154
\BOOKMARK [3][-]{subsubsection.8.21.3.1}{\376\377\000m\000a\000k\000e\000\050\000\051}{subsection.8.21.3}% 155
\BOOKMARK [1][-]{section.8.22}{\376\377\000g\000r\000:\000:\000l\000o\000r\000a\000\137\000s\000d\000r\000:\000:\000h\000a\000m\000m\000i\000n\000g\000\137\000d\000e\000c\000\137\000i\000m\000p\000l\000\040\000C\000l\000a\000s\000s\000\040\000R\000e\000f\000e\000r\000e\000n\000c\000e}{chapter.8}% 156
\BOOKMARK [2][-]{subsection.8.22.1}{\376\377\000C\000o\000n\000s\000t\000r\000u\000c\000t\000o\000r\000\040\000\046\000\040\000D\000e\000s\000t\000r\000u\000c\000t\000o\000r\000\040\000D\000o\000c\000u\000m\000e\000n\000t\000a\000t\000i\000o\000n}{section.8.22}% 157
\BOOKMARK [3][-]{subsubsection.8.22.1.1}{\376\377\000h\000a\000m\000m\000i\000n\000g\000\137\000d\000e\000c\000\137\000i\000m\000p\000l\000\050\000\051}{subsection.8.22.1}% 158
\BOOKMARK [3][-]{subsubsection.8.22.1.2}{\376\377\000\040\000h\000a\000m\000m\000i\000n\000g\000\137\000d\000e\000c\000\137\000i\000m\000p\000l\000\050\000\051}{subsection.8.22.1}% 159
\BOOKMARK [2][-]{subsection.8.22.2}{\376\377\000M\000e\000m\000b\000e\000r\000\040\000F\000u\000n\000c\000t\000i\000o\000n\000\040\000D\000o\000c\000u\000m\000e\000n\000t\000a\000t\000i\000o\000n}{section.8.22}% 160
\BOOKMARK [3][-]{subsubsection.8.22.2.1}{\376\377\000w\000o\000r\000k\000\050\000\051}{subsection.8.22.2}% 161
\BOOKMARK [1][-]{section.8.23}{\376\377\000g\000r\000:\000:\000l\000o\000r\000a\000\137\000s\000d\000r\000:\000:\000h\000a\000m\000m\000i\000n\000g\000\137\000e\000n\000c\000\040\000C\000l\000a\000s\000s\000\040\000R\000e\000f\000e\000r\000e\000n\000c\000e}{chapter.8}% 162
\BOOKMARK [2][-]{subsection.8.23.1}{\376\377\000D\000e\000t\000a\000i\000l\000e\000d\000\040\000D\000e\000s\000c\000r\000i\000p\000t\000i\000o\000n}{section.8.23}% 163
\BOOKMARK [2][-]{subsection.8.23.2}{\376\377\000M\000e\000m\000b\000e\000r\000\040\000T\000y\000p\000e\000d\000e\000f\000\040\000D\000o\000c\000u\000m\000e\000n\000t\000a\000t\000i\000o\000n}{section.8.23}% 164
\BOOKMARK [3][-]{subsubsection.8.23.2.1}{\376\377\000s\000p\000t\000r}{subsection.8.23.2}% 165
\BOOKMARK [2][-]{subsection.8.23.3}{\376\377\000M\000e\000m\000b\000e\000r\000\040\000F\000u\000n\000c\000t\000i\000o\000n\000\040\000D\000o\000c\000u\000m\000e\000n\000t\000a\000t\000i\000o\000n}{section.8.23}% 166
\BOOKMARK [3][-]{subsubsection.8.23.3.1}{\376\377\000m\000a\000k\000e\000\050\000\051}{subsection.8.23.3}% 167
\BOOKMARK [1][-]{section.8.24}{\376\377\000g\000r\000:\000:\000l\000o\000r\000a\000\137\000s\000d\000r\000:\000:\000h\000a\000m\000m\000i\000n\000g\000\137\000e\000n\000c\000\137\000i\000m\000p\000l\000\040\000C\000l\000a\000s\000s\000\040\000R\000e\000f\000e\000r\000e\000n\000c\000e}{chapter.8}% 168
\BOOKMARK [2][-]{subsection.8.24.1}{\376\377\000C\000o\000n\000s\000t\000r\000u\000c\000t\000o\000r\000\040\000\046\000\040\000D\000e\000s\000t\000r\000u\000c\000t\000o\000r\000\040\000D\000o\000c\000u\000m\000e\000n\000t\000a\000t\000i\000o\000n}{section.8.24}% 169
\BOOKMARK [3][-]{subsubsection.8.24.1.1}{\376\377\000h\000a\000m\000m\000i\000n\000g\000\137\000e\000n\000c\000\137\000i\000m\000p\000l\000\050\000\051}{subsection.8.24.1}% 170
\BOOKMARK [3][-]{subsubsection.8.24.1.2}{\376\377\000\040\000h\000a\000m\000m\000i\000n\000g\000\137\000e\000n\000c\000\137\000i\000m\000p\000l\000\050\000\051}{subsection.8.24.1}% 171
\BOOKMARK [2][-]{subsection.8.24.2}{\376\377\000M\000e\000m\000b\000e\000r\000\040\000F\000u\000n\000c\000t\000i\000o\000n\000\040\000D\000o\000c\000u\000m\000e\000n\000t\000a\000t\000i\000o\000n}{section.8.24}% 172
\BOOKMARK [3][-]{subsubsection.8.24.2.1}{\376\377\000w\000o\000r\000k\000\050\000\051}{subsection.8.24.2}% 173
\BOOKMARK [1][-]{section.8.25}{\376\377\000g\000r\000:\000:\000l\000o\000r\000a\000\137\000s\000d\000r\000:\000:\000h\000e\000a\000d\000e\000r\000\040\000C\000l\000a\000s\000s\000\040\000R\000e\000f\000e\000r\000e\000n\000c\000e}{chapter.8}% 174
\BOOKMARK [2][-]{subsection.8.25.1}{\376\377\000D\000e\000t\000a\000i\000l\000e\000d\000\040\000D\000e\000s\000c\000r\000i\000p\000t\000i\000o\000n}{section.8.25}% 175
\BOOKMARK [2][-]{subsection.8.25.2}{\376\377\000M\000e\000m\000b\000e\000r\000\040\000T\000y\000p\000e\000d\000e\000f\000\040\000D\000o\000c\000u\000m\000e\000n\000t\000a\000t\000i\000o\000n}{section.8.25}% 176
\BOOKMARK [3][-]{subsubsection.8.25.2.1}{\376\377\000s\000p\000t\000r}{subsection.8.25.2}% 177
\BOOKMARK [2][-]{subsection.8.25.3}{\376\377\000M\000e\000m\000b\000e\000r\000\040\000F\000u\000n\000c\000t\000i\000o\000n\000\040\000D\000o\000c\000u\000m\000e\000n\000t\000a\000t\000i\000o\000n}{section.8.25}% 178
\BOOKMARK [3][-]{subsubsection.8.25.3.1}{\376\377\000m\000a\000k\000e\000\050\000\051}{subsection.8.25.3}% 179
\BOOKMARK [1][-]{section.8.26}{\376\377\000g\000r\000:\000:\000l\000o\000r\000a\000\137\000s\000d\000r\000:\000:\000h\000e\000a\000d\000e\000r\000\137\000d\000e\000c\000o\000d\000e\000r\000\040\000C\000l\000a\000s\000s\000\040\000R\000e\000f\000e\000r\000e\000n\000c\000e}{chapter.8}% 180
\BOOKMARK [2][-]{subsection.8.26.1}{\376\377\000D\000e\000t\000a\000i\000l\000e\000d\000\040\000D\000e\000s\000c\000r\000i\000p\000t\000i\000o\000n}{section.8.26}% 181
\BOOKMARK [2][-]{subsection.8.26.2}{\376\377\000M\000e\000m\000b\000e\000r\000\040\000T\000y\000p\000e\000d\000e\000f\000\040\000D\000o\000c\000u\000m\000e\000n\000t\000a\000t\000i\000o\000n}{section.8.26}% 182
\BOOKMARK [3][-]{subsubsection.8.26.2.1}{\376\377\000s\000p\000t\000r}{subsection.8.26.2}% 183
\BOOKMARK [2][-]{subsection.8.26.3}{\376\377\000M\000e\000m\000b\000e\000r\000\040\000F\000u\000n\000c\000t\000i\000o\000n\000\040\000D\000o\000c\000u\000m\000e\000n\000t\000a\000t\000i\000o\000n}{section.8.26}% 184
\BOOKMARK [3][-]{subsubsection.8.26.3.1}{\376\377\000m\000a\000k\000e\000\050\000\051}{subsection.8.26.3}% 185
\BOOKMARK [1][-]{section.8.27}{\376\377\000g\000r\000:\000:\000l\000o\000r\000a\000\137\000s\000d\000r\000:\000:\000h\000e\000a\000d\000e\000r\000\137\000d\000e\000c\000o\000d\000e\000r\000\137\000i\000m\000p\000l\000\040\000C\000l\000a\000s\000s\000\040\000R\000e\000f\000e\000r\000e\000n\000c\000e}{chapter.8}% 186
\BOOKMARK [2][-]{subsection.8.27.1}{\376\377\000C\000o\000n\000s\000t\000r\000u\000c\000t\000o\000r\000\040\000\046\000\040\000D\000e\000s\000t\000r\000u\000c\000t\000o\000r\000\040\000D\000o\000c\000u\000m\000e\000n\000t\000a\000t\000i\000o\000n}{section.8.27}% 187
\BOOKMARK [3][-]{subsubsection.8.27.1.1}{\376\377\000h\000e\000a\000d\000e\000r\000\137\000d\000e\000c\000o\000d\000e\000r\000\137\000i\000m\000p\000l\000\050\000\051}{subsection.8.27.1}% 188
\BOOKMARK [3][-]{subsubsection.8.27.1.2}{\376\377\000\040\000h\000e\000a\000d\000e\000r\000\137\000d\000e\000c\000o\000d\000e\000r\000\137\000i\000m\000p\000l\000\050\000\051}{subsection.8.27.1}% 189
\BOOKMARK [2][-]{subsection.8.27.2}{\376\377\000M\000e\000m\000b\000e\000r\000\040\000F\000u\000n\000c\000t\000i\000o\000n\000\040\000D\000o\000c\000u\000m\000e\000n\000t\000a\000t\000i\000o\000n}{section.8.27}% 190
\BOOKMARK [3][-]{subsubsection.8.27.2.1}{\376\377\000f\000o\000r\000e\000c\000a\000s\000t\000\050\000\051}{subsection.8.27.2}% 191
\BOOKMARK [3][-]{subsubsection.8.27.2.2}{\376\377\000g\000e\000n\000e\000r\000a\000l\000\137\000w\000o\000r\000k\000\050\000\051}{subsection.8.27.2}% 192
\BOOKMARK [1][-]{section.8.28}{\376\377\000g\000r\000:\000:\000l\000o\000r\000a\000\137\000s\000d\000r\000:\000:\000h\000e\000a\000d\000e\000r\000\137\000i\000m\000p\000l\000\040\000C\000l\000a\000s\000s\000\040\000R\000e\000f\000e\000r\000e\000n\000c\000e}{chapter.8}% 193
\BOOKMARK [2][-]{subsection.8.28.1}{\376\377\000C\000o\000n\000s\000t\000r\000u\000c\000t\000o\000r\000\040\000\046\000\040\000D\000e\000s\000t\000r\000u\000c\000t\000o\000r\000\040\000D\000o\000c\000u\000m\000e\000n\000t\000a\000t\000i\000o\000n}{section.8.28}% 194
\BOOKMARK [3][-]{subsubsection.8.28.1.1}{\376\377\000h\000e\000a\000d\000e\000r\000\137\000i\000m\000p\000l\000\050\000\051}{subsection.8.28.1}% 195
\BOOKMARK [3][-]{subsubsection.8.28.1.2}{\376\377\000\040\000h\000e\000a\000d\000e\000r\000\137\000i\000m\000p\000l\000\050\000\051}{subsection.8.28.1}% 196
\BOOKMARK [2][-]{subsection.8.28.2}{\376\377\000M\000e\000m\000b\000e\000r\000\040\000F\000u\000n\000c\000t\000i\000o\000n\000\040\000D\000o\000c\000u\000m\000e\000n\000t\000a\000t\000i\000o\000n}{section.8.28}% 197
\BOOKMARK [3][-]{subsubsection.8.28.2.1}{\376\377\000f\000o\000r\000e\000c\000a\000s\000t\000\050\000\051}{subsection.8.28.2}% 198
\BOOKMARK [3][-]{subsubsection.8.28.2.2}{\376\377\000g\000e\000n\000e\000r\000a\000l\000\137\000w\000o\000r\000k\000\050\000\051}{subsection.8.28.2}% 199
\BOOKMARK [1][-]{section.8.29}{\376\377\000g\000r\000:\000:\000l\000o\000r\000a\000\137\000s\000d\000r\000:\000:\000i\000n\000t\000e\000r\000l\000e\000a\000v\000e\000r\000\040\000C\000l\000a\000s\000s\000\040\000R\000e\000f\000e\000r\000e\000n\000c\000e}{chapter.8}% 200
\BOOKMARK [2][-]{subsection.8.29.1}{\376\377\000D\000e\000t\000a\000i\000l\000e\000d\000\040\000D\000e\000s\000c\000r\000i\000p\000t\000i\000o\000n}{section.8.29}% 201
\BOOKMARK [2][-]{subsection.8.29.2}{\376\377\000M\000e\000m\000b\000e\000r\000\040\000T\000y\000p\000e\000d\000e\000f\000\040\000D\000o\000c\000u\000m\000e\000n\000t\000a\000t\000i\000o\000n}{section.8.29}% 202
\BOOKMARK [3][-]{subsubsection.8.29.2.1}{\376\377\000s\000p\000t\000r}{subsection.8.29.2}% 203
\BOOKMARK [2][-]{subsection.8.29.3}{\376\377\000M\000e\000m\000b\000e\000r\000\040\000F\000u\000n\000c\000t\000i\000o\000n\000\040\000D\000o\000c\000u\000m\000e\000n\000t\000a\000t\000i\000o\000n}{section.8.29}% 204
\BOOKMARK [3][-]{subsubsection.8.29.3.1}{\376\377\000m\000a\000k\000e\000\050\000\051}{subsection.8.29.3}% 205
\BOOKMARK [1][-]{section.8.30}{\376\377\000g\000r\000:\000:\000l\000o\000r\000a\000\137\000s\000d\000r\000:\000:\000i\000n\000t\000e\000r\000l\000e\000a\000v\000e\000r\000\137\000i\000m\000p\000l\000\040\000C\000l\000a\000s\000s\000\040\000R\000e\000f\000e\000r\000e\000n\000c\000e}{chapter.8}% 206
\BOOKMARK [2][-]{subsection.8.30.1}{\376\377\000C\000o\000n\000s\000t\000r\000u\000c\000t\000o\000r\000\040\000\046\000\040\000D\000e\000s\000t\000r\000u\000c\000t\000o\000r\000\040\000D\000o\000c\000u\000m\000e\000n\000t\000a\000t\000i\000o\000n}{section.8.30}% 207
\BOOKMARK [3][-]{subsubsection.8.30.1.1}{\376\377\000i\000n\000t\000e\000r\000l\000e\000a\000v\000e\000r\000\137\000i\000m\000p\000l\000\050\000\051}{subsection.8.30.1}% 208
\BOOKMARK [3][-]{subsubsection.8.30.1.2}{\376\377\000\040\000i\000n\000t\000e\000r\000l\000e\000a\000v\000e\000r\000\137\000i\000m\000p\000l\000\050\000\051}{subsection.8.30.1}% 209
\BOOKMARK [2][-]{subsection.8.30.2}{\376\377\000M\000e\000m\000b\000e\000r\000\040\000F\000u\000n\000c\000t\000i\000o\000n\000\040\000D\000o\000c\000u\000m\000e\000n\000t\000a\000t\000i\000o\000n}{section.8.30}% 210
\BOOKMARK [3][-]{subsubsection.8.30.2.1}{\376\377\000f\000o\000r\000e\000c\000a\000s\000t\000\050\000\051}{subsection.8.30.2}% 211
\BOOKMARK [3][-]{subsubsection.8.30.2.2}{\376\377\000g\000e\000n\000e\000r\000a\000l\000\137\000w\000o\000r\000k\000\050\000\051}{subsection.8.30.2}% 212
\BOOKMARK [1][-]{section.8.31}{\376\377\000k\000i\000s\000s\000\137\000f\000f\000t\000\137\000c\000p\000x\000\040\000S\000t\000r\000u\000c\000t\000\040\000R\000e\000f\000e\000r\000e\000n\000c\000e}{chapter.8}% 213
\BOOKMARK [2][-]{subsection.8.31.1}{\376\377\000M\000e\000m\000b\000e\000r\000\040\000D\000a\000t\000a\000\040\000D\000o\000c\000u\000m\000e\000n\000t\000a\000t\000i\000o\000n}{section.8.31}% 214
\BOOKMARK [3][-]{subsubsection.8.31.1.1}{\376\377\000i}{subsection.8.31.1}% 215
\BOOKMARK [3][-]{subsubsection.8.31.1.2}{\376\377\000r}{subsection.8.31.1}% 216
\BOOKMARK [1][-]{section.8.32}{\376\377\000k\000i\000s\000s\000\137\000f\000f\000t\000\137\000s\000t\000a\000t\000e\000\040\000S\000t\000r\000u\000c\000t\000\040\000R\000e\000f\000e\000r\000e\000n\000c\000e}{chapter.8}% 217
\BOOKMARK [2][-]{subsection.8.32.1}{\376\377\000M\000e\000m\000b\000e\000r\000\040\000D\000a\000t\000a\000\040\000D\000o\000c\000u\000m\000e\000n\000t\000a\000t\000i\000o\000n}{section.8.32}% 218
\BOOKMARK [3][-]{subsubsection.8.32.1.1}{\376\377\000f\000a\000c\000t\000o\000r\000s}{subsection.8.32.1}% 219
\BOOKMARK [3][-]{subsubsection.8.32.1.2}{\376\377\000i\000n\000v\000e\000r\000s\000e}{subsection.8.32.1}% 220
\BOOKMARK [3][-]{subsubsection.8.32.1.3}{\376\377\000n\000f\000f\000t}{subsection.8.32.1}% 221
\BOOKMARK [3][-]{subsubsection.8.32.1.4}{\376\377\000t\000w\000i\000d\000d\000l\000e\000s}{subsection.8.32.1}% 222
\BOOKMARK [1][-]{section.8.33}{\376\377\000g\000r\000:\000:\000l\000o\000r\000a\000\137\000s\000d\000r\000:\000:\000l\000o\000r\000a\000\137\000s\000d\000r\000\040\000C\000l\000a\000s\000s\000\040\000R\000e\000f\000e\000r\000e\000n\000c\000e}{chapter.8}% 223
\BOOKMARK [2][-]{subsection.8.33.1}{\376\377\000D\000e\000t\000a\000i\000l\000e\000d\000\040\000D\000e\000s\000c\000r\000i\000p\000t\000i\000o\000n}{section.8.33}% 224
\BOOKMARK [2][-]{subsection.8.33.2}{\376\377\000M\000e\000m\000b\000e\000r\000\040\000T\000y\000p\000e\000d\000e\000f\000\040\000D\000o\000c\000u\000m\000e\000n\000t\000a\000t\000i\000o\000n}{section.8.33}% 225
\BOOKMARK [3][-]{subsubsection.8.33.2.1}{\376\377\000s\000p\000t\000r}{subsection.8.33.2}% 226
\BOOKMARK [2][-]{subsection.8.33.3}{\376\377\000M\000e\000m\000b\000e\000r\000\040\000F\000u\000n\000c\000t\000i\000o\000n\000\040\000D\000o\000c\000u\000m\000e\000n\000t\000a\000t\000i\000o\000n}{section.8.33}% 227
\BOOKMARK [3][-]{subsubsection.8.33.3.1}{\376\377\000m\000a\000k\000e\000\050\000\051}{subsection.8.33.3}% 228
\BOOKMARK [1][-]{section.8.34}{\376\377\000g\000r\000:\000:\000l\000o\000r\000a\000\137\000s\000d\000r\000:\000:\000l\000o\000r\000a\000\137\000s\000d\000r\000\137\000i\000m\000p\000l\000\040\000C\000l\000a\000s\000s\000\040\000R\000e\000f\000e\000r\000e\000n\000c\000e}{chapter.8}% 229
\BOOKMARK [2][-]{subsection.8.34.1}{\376\377\000C\000o\000n\000s\000t\000r\000u\000c\000t\000o\000r\000\040\000\046\000\040\000D\000e\000s\000t\000r\000u\000c\000t\000o\000r\000\040\000D\000o\000c\000u\000m\000e\000n\000t\000a\000t\000i\000o\000n}{section.8.34}% 230
\BOOKMARK [3][-]{subsubsection.8.34.1.1}{\376\377\000l\000o\000r\000a\000\137\000s\000d\000r\000\137\000i\000m\000p\000l\000\050\000\051}{subsection.8.34.1}% 231
\BOOKMARK [3][-]{subsubsection.8.34.1.2}{\376\377\000\040\000l\000o\000r\000a\000\137\000s\000d\000r\000\137\000i\000m\000p\000l\000\050\000\051}{subsection.8.34.1}% 232
\BOOKMARK [2][-]{subsection.8.34.2}{\376\377\000M\000e\000m\000b\000e\000r\000\040\000F\000u\000n\000c\000t\000i\000o\000n\000\040\000D\000o\000c\000u\000m\000e\000n\000t\000a\000t\000i\000o\000n}{section.8.34}% 233
\BOOKMARK [3][-]{subsubsection.8.34.2.1}{\376\377\000f\000o\000r\000e\000c\000a\000s\000t\000\050\000\051}{subsection.8.34.2}% 234
\BOOKMARK [3][-]{subsubsection.8.34.2.2}{\376\377\000g\000e\000n\000e\000r\000a\000l\000\137\000w\000o\000r\000k\000\050\000\051}{subsection.8.34.2}% 235
\BOOKMARK [1][-]{section.8.35}{\376\377\000g\000r\000:\000:\000l\000o\000r\000a\000\137\000s\000d\000r\000:\000:\000m\000o\000d\000u\000l\000a\000t\000e\000\040\000C\000l\000a\000s\000s\000\040\000R\000e\000f\000e\000r\000e\000n\000c\000e}{chapter.8}% 236
\BOOKMARK [2][-]{subsection.8.35.1}{\376\377\000D\000e\000t\000a\000i\000l\000e\000d\000\040\000D\000e\000s\000c\000r\000i\000p\000t\000i\000o\000n}{section.8.35}% 237
\BOOKMARK [2][-]{subsection.8.35.2}{\376\377\000M\000e\000m\000b\000e\000r\000\040\000T\000y\000p\000e\000d\000e\000f\000\040\000D\000o\000c\000u\000m\000e\000n\000t\000a\000t\000i\000o\000n}{section.8.35}% 238
\BOOKMARK [3][-]{subsubsection.8.35.2.1}{\376\377\000s\000p\000t\000r}{subsection.8.35.2}% 239
\BOOKMARK [2][-]{subsection.8.35.3}{\376\377\000M\000e\000m\000b\000e\000r\000\040\000F\000u\000n\000c\000t\000i\000o\000n\000\040\000D\000o\000c\000u\000m\000e\000n\000t\000a\000t\000i\000o\000n}{section.8.35}% 240
\BOOKMARK [3][-]{subsubsection.8.35.3.1}{\376\377\000m\000a\000k\000e\000\050\000\051}{subsection.8.35.3}% 241
\BOOKMARK [1][-]{section.8.36}{\376\377\000g\000r\000:\000:\000l\000o\000r\000a\000\137\000s\000d\000r\000:\000:\000m\000o\000d\000u\000l\000a\000t\000e\000\137\000i\000m\000p\000l\000\040\000C\000l\000a\000s\000s\000\040\000R\000e\000f\000e\000r\000e\000n\000c\000e}{chapter.8}% 242
\BOOKMARK [2][-]{subsection.8.36.1}{\376\377\000C\000o\000n\000s\000t\000r\000u\000c\000t\000o\000r\000\040\000\046\000\040\000D\000e\000s\000t\000r\000u\000c\000t\000o\000r\000\040\000D\000o\000c\000u\000m\000e\000n\000t\000a\000t\000i\000o\000n}{section.8.36}% 243
\BOOKMARK [3][-]{subsubsection.8.36.1.1}{\376\377\000m\000o\000d\000u\000l\000a\000t\000e\000\137\000i\000m\000p\000l\000\050\000\051}{subsection.8.36.1}% 244
\BOOKMARK [3][-]{subsubsection.8.36.1.2}{\376\377\000\040\000m\000o\000d\000u\000l\000a\000t\000e\000\137\000i\000m\000p\000l\000\050\000\051}{subsection.8.36.1}% 245
\BOOKMARK [2][-]{subsection.8.36.2}{\376\377\000M\000e\000m\000b\000e\000r\000\040\000F\000u\000n\000c\000t\000i\000o\000n\000\040\000D\000o\000c\000u\000m\000e\000n\000t\000a\000t\000i\000o\000n}{section.8.36}% 246
\BOOKMARK [3][-]{subsubsection.8.36.2.1}{\376\377\000f\000o\000r\000e\000c\000a\000s\000t\000\050\000\051}{subsection.8.36.2}% 247
\BOOKMARK [3][-]{subsubsection.8.36.2.2}{\376\377\000g\000e\000n\000e\000r\000a\000l\000\137\000w\000o\000r\000k\000\050\000\051}{subsection.8.36.2}% 248
\BOOKMARK [1][-]{section.8.37}{\376\377\000g\000r\000:\000:\000l\000o\000r\000a\000\137\000s\000d\000r\000:\000:\000R\000H\000\137\000R\000F\0009\0005\000\137\000h\000e\000a\000d\000e\000r\000\040\000C\000l\000a\000s\000s\000\040\000R\000e\000f\000e\000r\000e\000n\000c\000e}{chapter.8}% 249
\BOOKMARK [2][-]{subsection.8.37.1}{\376\377\000D\000e\000t\000a\000i\000l\000e\000d\000\040\000D\000e\000s\000c\000r\000i\000p\000t\000i\000o\000n}{section.8.37}% 250
\BOOKMARK [2][-]{subsection.8.37.2}{\376\377\000M\000e\000m\000b\000e\000r\000\040\000T\000y\000p\000e\000d\000e\000f\000\040\000D\000o\000c\000u\000m\000e\000n\000t\000a\000t\000i\000o\000n}{section.8.37}% 251
\BOOKMARK [3][-]{subsubsection.8.37.2.1}{\376\377\000s\000p\000t\000r}{subsection.8.37.2}% 252
\BOOKMARK [2][-]{subsection.8.37.3}{\376\377\000M\000e\000m\000b\000e\000r\000\040\000F\000u\000n\000c\000t\000i\000o\000n\000\040\000D\000o\000c\000u\000m\000e\000n\000t\000a\000t\000i\000o\000n}{section.8.37}% 253
\BOOKMARK [3][-]{subsubsection.8.37.3.1}{\376\377\000m\000a\000k\000e\000\050\000\051}{subsection.8.37.3}% 254
\BOOKMARK [1][-]{section.8.38}{\376\377\000g\000r\000:\000:\000l\000o\000r\000a\000\137\000s\000d\000r\000:\000:\000R\000H\000\137\000R\000F\0009\0005\000\137\000h\000e\000a\000d\000e\000r\000\137\000i\000m\000p\000l\000\040\000C\000l\000a\000s\000s\000\040\000R\000e\000f\000e\000r\000e\000n\000c\000e}{chapter.8}% 255
\BOOKMARK [2][-]{subsection.8.38.1}{\376\377\000C\000o\000n\000s\000t\000r\000u\000c\000t\000o\000r\000\040\000\046\000\040\000D\000e\000s\000t\000r\000u\000c\000t\000o\000r\000\040\000D\000o\000c\000u\000m\000e\000n\000t\000a\000t\000i\000o\000n}{section.8.38}% 256
\BOOKMARK [3][-]{subsubsection.8.38.1.1}{\376\377\000R\000H\000\137\000R\000F\0009\0005\000\137\000h\000e\000a\000d\000e\000r\000\137\000i\000m\000p\000l\000\050\000\051}{subsection.8.38.1}% 257
\BOOKMARK [3][-]{subsubsection.8.38.1.2}{\376\377\000\040\000R\000H\000\137\000R\000F\0009\0005\000\137\000h\000e\000a\000d\000e\000r\000\137\000i\000m\000p\000l\000\050\000\051}{subsection.8.38.1}% 258
\BOOKMARK [2][-]{subsection.8.38.2}{\376\377\000M\000e\000m\000b\000e\000r\000\040\000F\000u\000n\000c\000t\000i\000o\000n\000\040\000D\000o\000c\000u\000m\000e\000n\000t\000a\000t\000i\000o\000n}{section.8.38}% 259
\BOOKMARK [3][-]{subsubsection.8.38.2.1}{\376\377\000f\000o\000r\000e\000c\000a\000s\000t\000\050\000\051}{subsection.8.38.2}% 260
\BOOKMARK [3][-]{subsubsection.8.38.2.2}{\376\377\000g\000e\000n\000e\000r\000a\000l\000\137\000w\000o\000r\000k\000\050\000\051}{subsection.8.38.2}% 261
\BOOKMARK [1][-]{section.8.39}{\376\377\000g\000r\000:\000:\000l\000o\000r\000a\000\137\000s\000d\000r\000:\000:\000w\000h\000i\000t\000e\000n\000i\000n\000g\000\040\000C\000l\000a\000s\000s\000\040\000R\000e\000f\000e\000r\000e\000n\000c\000e}{chapter.8}% 262
\BOOKMARK [2][-]{subsection.8.39.1}{\376\377\000D\000e\000t\000a\000i\000l\000e\000d\000\040\000D\000e\000s\000c\000r\000i\000p\000t\000i\000o\000n}{section.8.39}% 263
\BOOKMARK [2][-]{subsection.8.39.2}{\376\377\000M\000e\000m\000b\000e\000r\000\040\000T\000y\000p\000e\000d\000e\000f\000\040\000D\000o\000c\000u\000m\000e\000n\000t\000a\000t\000i\000o\000n}{section.8.39}% 264
\BOOKMARK [3][-]{subsubsection.8.39.2.1}{\376\377\000s\000p\000t\000r}{subsection.8.39.2}% 265
\BOOKMARK [2][-]{subsection.8.39.3}{\376\377\000M\000e\000m\000b\000e\000r\000\040\000F\000u\000n\000c\000t\000i\000o\000n\000\040\000D\000o\000c\000u\000m\000e\000n\000t\000a\000t\000i\000o\000n}{section.8.39}% 266
\BOOKMARK [3][-]{subsubsection.8.39.3.1}{\376\377\000m\000a\000k\000e\000\050\000\051}{subsection.8.39.3}% 267
\BOOKMARK [1][-]{section.8.40}{\376\377\000g\000r\000:\000:\000l\000o\000r\000a\000\137\000s\000d\000r\000:\000:\000w\000h\000i\000t\000e\000n\000i\000n\000g\000\137\000i\000m\000p\000l\000\040\000C\000l\000a\000s\000s\000\040\000R\000e\000f\000e\000r\000e\000n\000c\000e}{chapter.8}% 268
\BOOKMARK [2][-]{subsection.8.40.1}{\376\377\000C\000o\000n\000s\000t\000r\000u\000c\000t\000o\000r\000\040\000\046\000\040\000D\000e\000s\000t\000r\000u\000c\000t\000o\000r\000\040\000D\000o\000c\000u\000m\000e\000n\000t\000a\000t\000i\000o\000n}{section.8.40}% 269
\BOOKMARK [3][-]{subsubsection.8.40.1.1}{\376\377\000w\000h\000i\000t\000e\000n\000i\000n\000g\000\137\000i\000m\000p\000l\000\050\000\051}{subsection.8.40.1}% 270
\BOOKMARK [3][-]{subsubsection.8.40.1.2}{\376\377\000\040\000w\000h\000i\000t\000e\000n\000i\000n\000g\000\137\000i\000m\000p\000l\000\050\000\051}{subsection.8.40.1}% 271
\BOOKMARK [2][-]{subsection.8.40.2}{\376\377\000M\000e\000m\000b\000e\000r\000\040\000F\000u\000n\000c\000t\000i\000o\000n\000\040\000D\000o\000c\000u\000m\000e\000n\000t\000a\000t\000i\000o\000n}{section.8.40}% 272
\BOOKMARK [3][-]{subsubsection.8.40.2.1}{\376\377\000w\000o\000r\000k\000\050\000\051}{subsection.8.40.2}% 273
\BOOKMARK [0][-]{chapter.9}{\376\377\000F\000i\000l\000e\000\040\000D\000o\000c\000u\000m\000e\000n\000t\000a\000t\000i\000o\000n}{}% 274
\BOOKMARK [1][-]{section.9.1}{\376\377\000\137\000k\000i\000s\000s\000\137\000f\000f\000t\000\137\000g\000u\000t\000s\000.\000h\000\040\000F\000i\000l\000e\000\040\000R\000e\000f\000e\000r\000e\000n\000c\000e}{chapter.9}% 275
\BOOKMARK [2][-]{subsection.9.1.1}{\376\377\000M\000a\000c\000r\000o\000\040\000D\000e\000f\000i\000n\000i\000t\000i\000o\000n\000\040\000D\000o\000c\000u\000m\000e\000n\000t\000a\000t\000i\000o\000n}{section.9.1}% 276
\BOOKMARK [3][-]{subsubsection.9.1.1.1}{\376\377\000C\000\137\000A\000D\000D}{subsection.9.1.1}% 277
\BOOKMARK [3][-]{subsubsection.9.1.1.2}{\376\377\000C\000\137\000A\000D\000D\000T\000O}{subsection.9.1.1}% 278
\BOOKMARK [3][-]{subsubsection.9.1.1.3}{\376\377\000C\000\137\000F\000I\000X\000D\000I\000V}{subsection.9.1.1}% 279
\BOOKMARK [3][-]{subsubsection.9.1.1.4}{\376\377\000C\000\137\000M\000U\000L}{subsection.9.1.1}% 280
\BOOKMARK [3][-]{subsubsection.9.1.1.5}{\376\377\000C\000\137\000M\000U\000L\000B\000Y\000S\000C\000A\000L\000A\000R}{subsection.9.1.1}% 281
\BOOKMARK [3][-]{subsubsection.9.1.1.6}{\376\377\000C\000\137\000S\000U\000B}{subsection.9.1.1}% 282
\BOOKMARK [3][-]{subsubsection.9.1.1.7}{\376\377\000C\000\137\000S\000U\000B\000F\000R\000O\000M}{subsection.9.1.1}% 283
\BOOKMARK [3][-]{subsubsection.9.1.1.8}{\376\377\000C\000H\000E\000C\000K\000\137\000O\000V\000E\000R\000F\000L\000O\000W\000\137\000O\000P}{subsection.9.1.1}% 284
\BOOKMARK [3][-]{subsubsection.9.1.1.9}{\376\377\000H\000A\000L\000F\000\137\000O\000F}{subsection.9.1.1}% 285
\BOOKMARK [3][-]{subsubsection.9.1.1.10}{\376\377\000k\000f\000\137\000c\000e\000x\000p}{subsection.9.1.1}% 286
\BOOKMARK [3][-]{subsubsection.9.1.1.11}{\376\377\000K\000I\000S\000S\000\137\000F\000F\000T\000\137\000C\000O\000S}{subsection.9.1.1}% 287
\BOOKMARK [3][-]{subsubsection.9.1.1.12}{\376\377\000K\000I\000S\000S\000\137\000F\000F\000T\000\137\000S\000I\000N}{subsection.9.1.1}% 288
\BOOKMARK [3][-]{subsubsection.9.1.1.13}{\376\377\000K\000I\000S\000S\000\137\000F\000F\000T\000\137\000T\000M\000P\000\137\000A\000L\000L\000O\000C}{subsection.9.1.1}% 289
\BOOKMARK [3][-]{subsubsection.9.1.1.14}{\376\377\000K\000I\000S\000S\000\137\000F\000F\000T\000\137\000T\000M\000P\000\137\000F\000R\000E\000E}{subsection.9.1.1}% 290
\BOOKMARK [3][-]{subsubsection.9.1.1.15}{\376\377\000M\000A\000X\000F\000A\000C\000T\000O\000R\000S}{subsection.9.1.1}% 291
\BOOKMARK [3][-]{subsubsection.9.1.1.16}{\376\377\000p\000c\000p\000x}{subsection.9.1.1}% 292
\BOOKMARK [3][-]{subsubsection.9.1.1.17}{\376\377\000S\000\137\000M\000U\000L}{subsection.9.1.1}% 293
\BOOKMARK [1][-]{section.9.2}{\376\377\000a\000d\000d\000\137\000c\000r\000c\000.\000h\000\040\000F\000i\000l\000e\000\040\000R\000e\000f\000e\000r\000e\000n\000c\000e}{chapter.9}% 294
\BOOKMARK [1][-]{section.9.3}{\376\377\000a\000d\000d\000\137\000c\000r\000c\000\137\000i\000m\000p\000l\000.\000h\000\040\000F\000i\000l\000e\000\040\000R\000e\000f\000e\000r\000e\000n\000c\000e}{chapter.9}% 295
\BOOKMARK [1][-]{section.9.4}{\376\377\000a\000p\000i\000.\000h\000\040\000F\000i\000l\000e\000\040\000R\000e\000f\000e\000r\000e\000n\000c\000e}{chapter.9}% 296
\BOOKMARK [2][-]{subsection.9.4.1}{\376\377\000M\000a\000c\000r\000o\000\040\000D\000e\000f\000i\000n\000i\000t\000i\000o\000n\000\040\000D\000o\000c\000u\000m\000e\000n\000t\000a\000t\000i\000o\000n}{section.9.4}% 297
\BOOKMARK [3][-]{subsubsection.9.4.1.1}{\376\377\000L\000O\000R\000A\000\137\000S\000D\000R\000\137\000A\000P\000I}{subsection.9.4.1}% 298
\BOOKMARK [1][-]{section.9.5}{\376\377\000c\000r\000c\000\137\000v\000e\000r\000i\000f\000.\000h\000\040\000F\000i\000l\000e\000\040\000R\000e\000f\000e\000r\000e\000n\000c\000e}{chapter.9}% 299
\BOOKMARK [1][-]{section.9.6}{\376\377\000c\000r\000c\000\137\000v\000e\000r\000i\000f\000\137\000i\000m\000p\000l\000.\000h\000\040\000F\000i\000l\000e\000\040\000R\000e\000f\000e\000r\000e\000n\000c\000e}{chapter.9}% 300
\BOOKMARK [1][-]{section.9.7}{\376\377\000d\000a\000t\000a\000\137\000s\000o\000u\000r\000c\000e\000.\000h\000\040\000F\000i\000l\000e\000\040\000R\000e\000f\000e\000r\000e\000n\000c\000e}{chapter.9}% 301
\BOOKMARK [1][-]{section.9.8}{\376\377\000d\000a\000t\000a\000\137\000s\000o\000u\000r\000c\000e\000\137\000i\000m\000p\000l\000.\000h\000\040\000F\000i\000l\000e\000\040\000R\000e\000f\000e\000r\000e\000n\000c\000e}{chapter.9}% 302
\BOOKMARK [1][-]{section.9.9}{\376\377\000d\000e\000i\000n\000t\000e\000r\000l\000e\000a\000v\000e\000r\000.\000h\000\040\000F\000i\000l\000e\000\040\000R\000e\000f\000e\000r\000e\000n\000c\000e}{chapter.9}% 303
\BOOKMARK [1][-]{section.9.10}{\376\377\000d\000e\000i\000n\000t\000e\000r\000l\000e\000a\000v\000e\000r\000\137\000i\000m\000p\000l\000.\000h\000\040\000F\000i\000l\000e\000\040\000R\000e\000f\000e\000r\000e\000n\000c\000e}{chapter.9}% 304
\BOOKMARK [1][-]{section.9.11}{\376\377\000d\000e\000w\000h\000i\000t\000e\000n\000i\000n\000g\000.\000h\000\040\000F\000i\000l\000e\000\040\000R\000e\000f\000e\000r\000e\000n\000c\000e}{chapter.9}% 305
\BOOKMARK [1][-]{section.9.12}{\376\377\000d\000e\000w\000h\000i\000t\000e\000n\000i\000n\000g\000\137\000i\000m\000p\000l\000.\000h\000\040\000F\000i\000l\000e\000\040\000R\000e\000f\000e\000r\000e\000n\000c\000e}{chapter.9}% 306
\BOOKMARK [1][-]{section.9.13}{\376\377\000e\000r\000r\000\137\000m\000e\000a\000s\000u\000r\000e\000s\000.\000h\000\040\000F\000i\000l\000e\000\040\000R\000e\000f\000e\000r\000e\000n\000c\000e}{chapter.9}% 307
\BOOKMARK [1][-]{section.9.14}{\376\377\000e\000r\000r\000\137\000m\000e\000a\000s\000u\000r\000e\000s\000\137\000i\000m\000p\000l\000.\000h\000\040\000F\000i\000l\000e\000\040\000R\000e\000f\000e\000r\000e\000n\000c\000e}{chapter.9}% 308
\BOOKMARK [1][-]{section.9.15}{\376\377\000f\000f\000t\000\137\000d\000e\000m\000o\000d\000.\000h\000\040\000F\000i\000l\000e\000\040\000R\000e\000f\000e\000r\000e\000n\000c\000e}{chapter.9}% 309
\BOOKMARK [1][-]{section.9.16}{\376\377\000f\000f\000t\000\137\000d\000e\000m\000o\000d\000\137\000i\000m\000p\000l\000.\000h\000\040\000F\000i\000l\000e\000\040\000R\000e\000f\000e\000r\000e\000n\000c\000e}{chapter.9}% 310
\BOOKMARK [1][-]{section.9.17}{\376\377\000f\000r\000a\000m\000e\000\137\000s\000y\000n\000c\000.\000h\000\040\000F\000i\000l\000e\000\040\000R\000e\000f\000e\000r\000e\000n\000c\000e}{chapter.9}% 311
\BOOKMARK [1][-]{section.9.18}{\376\377\000f\000r\000a\000m\000e\000\137\000s\000y\000n\000c\000\137\000i\000m\000p\000l\000.\000h\000\040\000F\000i\000l\000e\000\040\000R\000e\000f\000e\000r\000e\000n\000c\000e}{chapter.9}% 312
\BOOKMARK [1][-]{section.9.19}{\376\377\000g\000r\000a\000y\000\137\000d\000e\000c\000o\000d\000e\000.\000h\000\040\000F\000i\000l\000e\000\040\000R\000e\000f\000e\000r\000e\000n\000c\000e}{chapter.9}% 313
\BOOKMARK [1][-]{section.9.20}{\376\377\000g\000r\000a\000y\000\137\000d\000e\000c\000o\000d\000e\000\137\000i\000m\000p\000l\000.\000h\000\040\000F\000i\000l\000e\000\040\000R\000e\000f\000e\000r\000e\000n\000c\000e}{chapter.9}% 314
\BOOKMARK [1][-]{section.9.21}{\376\377\000g\000r\000a\000y\000\137\000e\000n\000c\000.\000h\000\040\000F\000i\000l\000e\000\040\000R\000e\000f\000e\000r\000e\000n\000c\000e}{chapter.9}% 315
\BOOKMARK [1][-]{section.9.22}{\376\377\000g\000r\000a\000y\000\137\000e\000n\000c\000\137\000i\000m\000p\000l\000.\000h\000\040\000F\000i\000l\000e\000\040\000R\000e\000f\000e\000r\000e\000n\000c\000e}{chapter.9}% 316
\BOOKMARK [1][-]{section.9.23}{\376\377\000g\000r\000o\000u\000p\000\137\000d\000e\000f\000s\000.\000d\000o\000x\000\040\000F\000i\000l\000e\000\040\000R\000e\000f\000e\000r\000e\000n\000c\000e}{chapter.9}% 317
\BOOKMARK [1][-]{section.9.24}{\376\377\000h\000a\000m\000m\000i\000n\000g\000\137\000d\000e\000c\000.\000h\000\040\000F\000i\000l\000e\000\040\000R\000e\000f\000e\000r\000e\000n\000c\000e}{chapter.9}% 318
\BOOKMARK [1][-]{section.9.25}{\376\377\000h\000a\000m\000m\000i\000n\000g\000\137\000d\000e\000c\000\137\000i\000m\000p\000l\000.\000h\000\040\000F\000i\000l\000e\000\040\000R\000e\000f\000e\000r\000e\000n\000c\000e}{chapter.9}% 319
\BOOKMARK [1][-]{section.9.26}{\376\377\000h\000a\000m\000m\000i\000n\000g\000\137\000e\000n\000c\000.\000h\000\040\000F\000i\000l\000e\000\040\000R\000e\000f\000e\000r\000e\000n\000c\000e}{chapter.9}% 320
\BOOKMARK [1][-]{section.9.27}{\376\377\000h\000a\000m\000m\000i\000n\000g\000\137\000e\000n\000c\000\137\000i\000m\000p\000l\000.\000h\000\040\000F\000i\000l\000e\000\040\000R\000e\000f\000e\000r\000e\000n\000c\000e}{chapter.9}% 321
\BOOKMARK [1][-]{section.9.28}{\376\377\000h\000e\000a\000d\000e\000r\000.\000h\000\040\000F\000i\000l\000e\000\040\000R\000e\000f\000e\000r\000e\000n\000c\000e}{chapter.9}% 322
\BOOKMARK [1][-]{section.9.29}{\376\377\000h\000e\000a\000d\000e\000r\000\137\000d\000e\000c\000o\000d\000e\000r\000.\000h\000\040\000F\000i\000l\000e\000\040\000R\000e\000f\000e\000r\000e\000n\000c\000e}{chapter.9}% 323
\BOOKMARK [1][-]{section.9.30}{\376\377\000h\000e\000a\000d\000e\000r\000\137\000d\000e\000c\000o\000d\000e\000r\000\137\000i\000m\000p\000l\000.\000h\000\040\000F\000i\000l\000e\000\040\000R\000e\000f\000e\000r\000e\000n\000c\000e}{chapter.9}% 324
\BOOKMARK [1][-]{section.9.31}{\376\377\000h\000e\000a\000d\000e\000r\000\137\000i\000m\000p\000l\000.\000h\000\040\000F\000i\000l\000e\000\040\000R\000e\000f\000e\000r\000e\000n\000c\000e}{chapter.9}% 325
\BOOKMARK [1][-]{section.9.32}{\376\377\000i\000n\000t\000e\000r\000l\000e\000a\000v\000e\000r\000.\000h\000\040\000F\000i\000l\000e\000\040\000R\000e\000f\000e\000r\000e\000n\000c\000e}{chapter.9}% 326
\BOOKMARK [1][-]{section.9.33}{\376\377\000i\000n\000t\000e\000r\000l\000e\000a\000v\000e\000r\000\137\000i\000m\000p\000l\000.\000h\000\040\000F\000i\000l\000e\000\040\000R\000e\000f\000e\000r\000e\000n\000c\000e}{chapter.9}% 327
\BOOKMARK [1][-]{section.9.34}{\376\377\000k\000i\000s\000s\000\137\000f\000f\000t\000.\000h\000\040\000F\000i\000l\000e\000\040\000R\000e\000f\000e\000r\000e\000n\000c\000e}{chapter.9}% 328
\BOOKMARK [2][-]{subsection.9.34.1}{\376\377\000M\000a\000c\000r\000o\000\040\000D\000e\000f\000i\000n\000i\000t\000i\000o\000n\000\040\000D\000o\000c\000u\000m\000e\000n\000t\000a\000t\000i\000o\000n}{section.9.34}% 329
\BOOKMARK [3][-]{subsubsection.9.34.1.1}{\376\377\000K\000I\000S\000S\000\137\000F\000F\000T\000\137\000F\000R\000E\000E}{subsection.9.34.1}% 330
\BOOKMARK [3][-]{subsubsection.9.34.1.2}{\376\377\000k\000i\000s\000s\000\137\000f\000f\000t\000\137\000f\000r\000e\000e}{subsection.9.34.1}% 331
\BOOKMARK [3][-]{subsubsection.9.34.1.3}{\376\377\000K\000I\000S\000S\000\137\000F\000F\000T\000\137\000M\000A\000L\000L\000O\000C}{subsection.9.34.1}% 332
\BOOKMARK [3][-]{subsubsection.9.34.1.4}{\376\377\000k\000i\000s\000s\000\137\000f\000f\000t\000\137\000s\000c\000a\000l\000a\000r}{subsection.9.34.1}% 333
\BOOKMARK [3][-]{subsubsection.9.34.1.5}{\376\377\000k\000i\000s\000s\000\137\000f\000f\000t\000r\000\137\000n\000e\000x\000t\000\137\000f\000a\000s\000t\000\137\000s\000i\000z\000e\000\137\000r\000e\000a\000l}{subsection.9.34.1}% 334
\BOOKMARK [2][-]{subsection.9.34.2}{\376\377\000T\000y\000p\000e\000d\000e\000f\000\040\000D\000o\000c\000u\000m\000e\000n\000t\000a\000t\000i\000o\000n}{section.9.34}% 335
\BOOKMARK [3][-]{subsubsection.9.34.2.1}{\376\377\000k\000i\000s\000s\000\137\000f\000f\000t\000\137\000c\000f\000g}{subsection.9.34.2}% 336
\BOOKMARK [2][-]{subsection.9.34.3}{\376\377\000F\000u\000n\000c\000t\000i\000o\000n\000\040\000D\000o\000c\000u\000m\000e\000n\000t\000a\000t\000i\000o\000n}{section.9.34}% 337
\BOOKMARK [3][-]{subsubsection.9.34.3.1}{\376\377\000k\000i\000s\000s\000\137\000f\000f\000t\000\050\000\051}{subsection.9.34.3}% 338
\BOOKMARK [3][-]{subsubsection.9.34.3.2}{\376\377\000k\000i\000s\000s\000\137\000f\000f\000t\000\137\000a\000l\000l\000o\000c\000\050\000\051}{subsection.9.34.3}% 339
\BOOKMARK [3][-]{subsubsection.9.34.3.3}{\376\377\000k\000i\000s\000s\000\137\000f\000f\000t\000\137\000c\000l\000e\000a\000n\000u\000p\000\050\000\051}{subsection.9.34.3}% 340
\BOOKMARK [3][-]{subsubsection.9.34.3.4}{\376\377\000k\000i\000s\000s\000\137\000f\000f\000t\000\137\000n\000e\000x\000t\000\137\000f\000a\000s\000t\000\137\000s\000i\000z\000e\000\050\000\051}{subsection.9.34.3}% 341
\BOOKMARK [3][-]{subsubsection.9.34.3.5}{\376\377\000k\000i\000s\000s\000\137\000f\000f\000t\000\137\000s\000t\000r\000i\000d\000e\000\050\000\051}{subsection.9.34.3}% 342
\BOOKMARK [1][-]{section.9.35}{\376\377\000l\000o\000r\000a\000\137\000s\000d\000r\000.\000h\000\040\000F\000i\000l\000e\000\040\000R\000e\000f\000e\000r\000e\000n\000c\000e}{chapter.9}% 343
\BOOKMARK [1][-]{section.9.36}{\376\377\000l\000o\000r\000a\000\137\000s\000d\000r\000\137\000i\000m\000p\000l\000.\000h\000\040\000F\000i\000l\000e\000\040\000R\000e\000f\000e\000r\000e\000n\000c\000e}{chapter.9}% 344
\BOOKMARK [1][-]{section.9.37}{\376\377\000m\000a\000i\000n\000\137\000p\000a\000g\000e\000.\000d\000o\000x\000\040\000F\000i\000l\000e\000\040\000R\000e\000f\000e\000r\000e\000n\000c\000e}{chapter.9}% 345
\BOOKMARK [1][-]{section.9.38}{\376\377\000m\000o\000d\000u\000l\000a\000t\000e\000.\000h\000\040\000F\000i\000l\000e\000\040\000R\000e\000f\000e\000r\000e\000n\000c\000e}{chapter.9}% 346
\BOOKMARK [1][-]{section.9.39}{\376\377\000m\000o\000d\000u\000l\000a\000t\000e\000\137\000i\000m\000p\000l\000.\000h\000\040\000F\000i\000l\000e\000\040\000R\000e\000f\000e\000r\000e\000n\000c\000e}{chapter.9}% 347
\BOOKMARK [1][-]{section.9.40}{\376\377\000R\000H\000\137\000R\000F\0009\0005\000\137\000h\000e\000a\000d\000e\000r\000.\000h\000\040\000F\000i\000l\000e\000\040\000R\000e\000f\000e\000r\000e\000n\000c\000e}{chapter.9}% 348
\BOOKMARK [1][-]{section.9.41}{\376\377\000R\000H\000\137\000R\000F\0009\0005\000\137\000h\000e\000a\000d\000e\000r\000\137\000i\000m\000p\000l\000.\000h\000\040\000F\000i\000l\000e\000\040\000R\000e\000f\000e\000r\000e\000n\000c\000e}{chapter.9}% 349
\BOOKMARK [1][-]{section.9.42}{\376\377\000t\000a\000b\000l\000e\000s\000.\000h\000\040\000F\000i\000l\000e\000\040\000R\000e\000f\000e\000r\000e\000n\000c\000e}{chapter.9}% 350
\BOOKMARK [1][-]{section.9.43}{\376\377\000u\000t\000i\000l\000i\000t\000i\000e\000s\000.\000h\000\040\000F\000i\000l\000e\000\040\000R\000e\000f\000e\000r\000e\000n\000c\000e}{chapter.9}% 351
\BOOKMARK [1][-]{section.9.44}{\376\377\000w\000h\000i\000t\000e\000n\000i\000n\000g\000.\000h\000\040\000F\000i\000l\000e\000\040\000R\000e\000f\000e\000r\000e\000n\000c\000e}{chapter.9}% 352
\BOOKMARK [1][-]{section.9.45}{\376\377\000w\000h\000i\000t\000e\000n\000i\000n\000g\000\137\000i\000m\000p\000l\000.\000h\000\040\000F\000i\000l\000e\000\040\000R\000e\000f\000e\000r\000e\000n\000c\000e}{chapter.9}% 353
\BOOKMARK [0][-]{section*.272}{\376\377\000I\000n\000d\000e\000x}{}% 354
