This is pdfTeX, Version 3.14159265-2.6-1.40.21 (TeX Live 2020/Arch Linux) (preloaded format=latex 2020.10.10)  20 NOV 2020 15:29
entering extended mode
 restricted \write18 enabled.
 %&-line parsing enabled.
**refman.tex
(./refman.tex
LaTeX2e <2020-02-02> patch level 5
L3 programming layer <2020-06-03>
(/usr/share/texmf-dist/tex/latex/base/book.cls
Document Class: book 2019/12/20 v1.4l Standard LaTeX document class
(/usr/share/texmf-dist/tex/latex/base/bk10.clo
File: bk10.clo 2019/12/20 v1.4l Standard LaTeX file (size option)
)
\c@part=\count167
\c@chapter=\count168
\c@section=\count169
\c@subsection=\count170
\c@subsubsection=\count171
\c@paragraph=\count172
\c@subparagraph=\count173
\c@figure=\count174
\c@table=\count175
\abovecaptionskip=\skip47
\belowcaptionskip=\skip48
\bibindent=\dimen134
)
(/usr/share/texmf-dist/tex/latex/base/ifthen.sty
Package: ifthen 2014/09/29 v1.1c Standard LaTeX ifthen package (DPC)
)
(/usr/share/texmf-dist/tex/latex/tools/array.sty
Rollback for package 'array' requested -> date 2016-10-06.
         Best approximation is the release introduced on 2016-10-06.

(/usr/share/texmf-dist/tex/latex/tools/array-2016-10-06.sty
Package: array 2016/10/06 v2.4d Tabular extension package (FMi)
\col@sep=\dimen135
\extrarowheight=\dimen136
\NC@list=\toks15
\extratabsurround=\skip49
\backup@length=\skip50
))
(/usr/share/texmf-dist/tex/latex/base/fixltx2e.sty
Package: fixltx2e 2016/12/29 v2.1a fixes to LaTeX (obsolete)
Applying: [2015/01/01] Old fixltx2e package on input line 46.


Package fixltx2e Warning: fixltx2e is not required with releases after 2015
(fixltx2e)                All fixes are now in the LaTeX kernel.
(fixltx2e)                See the latexrelease package for details.

Already applied: [0000/00/00] Old fixltx2e package on input line 53.
) (/usr/share/texmf-dist/tex/latex/tools/calc.sty
Package: calc 2017/05/25 v4.3 Infix arithmetic (KKT,FJ)
\calc@Acount=\count176
\calc@Bcount=\count177
\calc@Adimen=\dimen137
\calc@Bdimen=\dimen138
\calc@Askip=\skip51
\calc@Bskip=\skip52
LaTeX Info: Redefining \setlength on input line 80.
LaTeX Info: Redefining \addtolength on input line 81.
\calc@Ccount=\count178
\calc@Cskip=\skip53
) (./doxygen.sty
Package: doxygen 

(/usr/share/texmf-dist/tex/latex/base/alltt.sty
Package: alltt 1997/06/16 v2.0g defines alltt environment
)
(/usr/share/texmf-dist/tex/latex/float/float.sty
Package: float 2001/11/08 v1.3d Float enhancements (AL)
\c@float@type=\count179
\float@exts=\toks16
\float@box=\box45
\@float@everytoks=\toks17
\@floatcapt=\box46
)
(/usr/share/texmf-dist/tex/latex/tools/verbatim.sty
Package: verbatim 2019/11/10 v1.5r LaTeX2e package for verbatim enhancements
\every@verbatim=\toks18
\verbatim@line=\toks19
\verbatim@in@stream=\read2
)
(/usr/share/texmf-dist/tex/latex/xcolor/xcolor.sty
Package: xcolor 2016/05/11 v2.12 LaTeX color extensions (UK)

(/usr/share/texmf-dist/tex/latex/graphics-cfg/color.cfg
File: color.cfg 2016/01/02 v1.6 sample color configuration
)
Package xcolor Info: Driver file: dvips.def on input line 225.

(/usr/share/texmf-dist/tex/latex/graphics-def/dvips.def
File: dvips.def 2017/06/20 v3.1d Graphics/color driver for dvips
)
(/usr/share/texmf-dist/tex/latex/colortbl/colortbl.sty
Package: colortbl 2020/01/04 v1.0e Color table columns (DPC)
\everycr=\toks20
\minrowclearance=\skip54
)
\rownum=\count180
Package xcolor Info: Model `cmy' substituted by `cmy0' on input line 1348.
Package xcolor Info: Model `RGB' extended on input line 1364.
Package xcolor Info: Model `HTML' substituted by `rgb' on input line 1366.
Package xcolor Info: Model `Hsb' substituted by `hsb' on input line 1367.
Package xcolor Info: Model `tHsb' substituted by `hsb' on input line 1368.
Package xcolor Info: Model `HSB' substituted by `hsb' on input line 1369.
Package xcolor Info: Model `Gray' substituted by `gray' on input line 1370.
Package xcolor Info: Model `wave' substituted by `hsb' on input line 1371.
)
(./longtable_doxygen.sty
Package: longtable_doxygen 2014/10/28 v4.11 Multi-page Table package (DPC) - fr
ozen version for doxygen
\LTleft=\skip55
\LTright=\skip56
\LTpre=\skip57
\LTpost=\skip58
\LTchunksize=\count181
\LTcapwidth=\dimen139
\LT@head=\box47
\LT@firsthead=\box48
\LT@foot=\box49
\LT@lastfoot=\box50
\LT@cols=\count182
\LT@rows=\count183
\c@LT@tables=\count184
\c@LT@chunks=\count185
\LT@p@ftn=\toks21
) (./tabu_doxygen.sty
Package: tabu_doxygen 2011/02/26 v2.8 - flexible LaTeX tabulars (FC), frozen ve
rsion for doxygen

(/usr/share/texmf-dist/tex/latex/varwidth/varwidth.sty
Package: varwidth 2009/03/30 ver 0.92;  Variable-width minipages
\@vwid@box=\box51
\sift@deathcycles=\count186
\@vwid@loff=\dimen140
\@vwid@roff=\dimen141
)
\c@taburow=\count187
\tabu@nbcols=\count188
\tabu@cnt=\count189
\tabu@Xcol=\count190
\tabu@alloc=\count191
\tabu@nested=\count192
\tabu@target=\dimen142
\tabu@spreadtarget=\dimen143
\tabu@naturalX=\dimen144
\tabucolX=\dimen145
\tabu@Xsum=\dimen146
\extrarowdepth=\dimen147
\abovetabulinesep=\dimen148
\belowtabulinesep=\dimen149
\tabustrutrule=\dimen150
\tabu@thebody=\toks22
\tabu@footnotes=\toks23
\tabu@box=\box52
\tabu@arstrutbox=\box53
\tabu@hleads=\box54
\tabu@vleads=\box55
\tabu@cellskip=\skip59
)
(/usr/share/texmf-dist/tex/latex/fancyvrb/fancyvrb.sty
Package: fancyvrb 2020/05/03 v3.6 verbatim text (tvz,hv)

(/usr/share/texmf-dist/tex/latex/graphics/keyval.sty
Package: keyval 2014/10/28 v1.15 key=value parser (DPC)
\KV@toks@=\toks24
)
\FV@CodeLineNo=\count193
\FV@InFile=\read3
\FV@TabBox=\box56
\c@FancyVerbLine=\count194
\FV@StepNumber=\count195
\FV@OutFile=\write3
)
(/usr/share/texmf-dist/tex/latex/tools/tabularx.sty
Package: tabularx 2020/01/15 v2.11c `tabularx' package (DPC)
\TX@col@width=\dimen151
\TX@old@table=\dimen152
\TX@old@col=\dimen153
\TX@target=\dimen154
\TX@delta=\dimen155
\TX@cols=\count196
\TX@ftn=\toks25
)
(/usr/share/texmf-dist/tex/latex/multirow/multirow.sty
Package: multirow 2019/05/31 v2.5 Span multiple rows of a table
\multirow@colwidth=\skip60
\multirow@cntb=\count197
\multirow@dima=\skip61
\bigstrutjot=\dimen156
)
(/usr/share/texmf-dist/tex/latex/hanging/hanging.sty
Package: hanging 2009/09/02 v1.2b hanging paragraphs and punctuation
\h@ngcommawd=\skip62
\h@ngfstopwd=\skip63
\h@ngquotewd=\skip64
\h@ngdquotewd=\skip65
\h@ngquerywd=\skip66
\h@ngexclwd=\skip67
\h@ngcolonwd=\skip68
\h@ngscolonwd=\skip69
)
(/usr/share/texmf-dist/tex/generic/iftex/ifpdf.sty
Package: ifpdf 2019/10/25 v3.4 ifpdf legacy package. Use iftex instead.

(/usr/share/texmf-dist/tex/generic/iftex/iftex.sty
Package: iftex 2020/03/06 v1.0d TeX engine tests
))
(/usr/share/texmf-dist/tex/latex/adjustbox/adjustbox.sty
Package: adjustbox 2019/01/04 v1.2 Adjusting TeX boxes (trim, clip, ...)

(/usr/share/texmf-dist/tex/latex/xkeyval/xkeyval.sty
Package: xkeyval 2014/12/03 v2.7a package option processing (HA)

(/usr/share/texmf-dist/tex/generic/xkeyval/xkeyval.tex
(/usr/share/texmf-dist/tex/generic/xkeyval/xkvutils.tex
\XKV@toks=\toks26
\XKV@tempa@toks=\toks27
)
\XKV@depth=\count198
File: xkeyval.tex 2014/12/03 v2.7a key=value parser (HA)
))
(/usr/share/texmf-dist/tex/latex/adjustbox/adjcalc.sty
Package: adjcalc 2012/05/16 v1.1 Provides advanced setlength with multiple back
-ends (calc, etex, pgfmath)
)
(/usr/share/texmf-dist/tex/latex/adjustbox/trimclip.sty
Package: trimclip 2018/04/08 v1.1 Trim and clip general TeX material

(/usr/share/texmf-dist/tex/latex/graphics/graphicx.sty
Package: graphicx 2019/11/30 v1.2a Enhanced LaTeX Graphics (DPC,SPQR)

(/usr/share/texmf-dist/tex/latex/graphics/graphics.sty
Package: graphics 2019/11/30 v1.4a Standard LaTeX Graphics (DPC,SPQR)

(/usr/share/texmf-dist/tex/latex/graphics/trig.sty
Package: trig 2016/01/03 v1.10 sin cos tan (DPC)
)
(/usr/share/texmf-dist/tex/latex/graphics-cfg/graphics.cfg
File: graphics.cfg 2016/06/04 v1.11 sample graphics configuration
)
Package graphics Info: Driver file: dvips.def on input line 105.
)
\Gin@req@height=\dimen157
\Gin@req@width=\dimen158
)
(/usr/share/texmf-dist/tex/latex/collectbox/collectbox.sty
Package: collectbox 2012/05/17 v0.4b Collect macro arguments as boxes
\collectedbox=\box57
)
\tc@llx=\dimen159
\tc@lly=\dimen160
\tc@urx=\dimen161
\tc@ury=\dimen162
Package trimclip Info: Using driver 'tc-dvips.def'.

(/usr/share/texmf-dist/tex/latex/adjustbox/tc-dvips.def
File: tc-dvips.def 2019/01/04 v2.2 Clipping driver for dvips
))
\adjbox@Width=\dimen163
\adjbox@Height=\dimen164
\adjbox@Depth=\dimen165
\adjbox@Totalheight=\dimen166
\adjbox@pwidth=\dimen167
\adjbox@pheight=\dimen168
\adjbox@pdepth=\dimen169
\adjbox@ptotalheight=\dimen170

(/usr/share/texmf-dist/tex/latex/ifoddpage/ifoddpage.sty
Package: ifoddpage 2016/04/23 v1.1 Conditionals for odd/even page detection
\c@checkoddpage=\count199
))
(/usr/share/texmf-dist/tex/latex/amsfonts/amssymb.sty
Package: amssymb 2013/01/14 v3.01 AMS font symbols

(/usr/share/texmf-dist/tex/latex/amsfonts/amsfonts.sty
Package: amsfonts 2013/01/14 v3.01 Basic AMSFonts support
\@emptytoks=\toks28
\symAMSa=\mathgroup4
\symAMSb=\mathgroup5
LaTeX Font Info:    Redeclaring math symbol \hbar on input line 98.
LaTeX Font Info:    Overwriting math alphabet `\mathfrak' in version `bold'
(Font)                  U/euf/m/n --> U/euf/b/n on input line 106.
))
(/usr/share/texmf-dist/tex/latex/stackengine/stackengine.sty
Package: stackengine 2017/02/13 v4.01\ Stacking text and objects in convenient 
ways

(/usr/share/texmf-dist/tex/latex/etoolbox/etoolbox.sty
Package: etoolbox 2019/09/21 v2.5h e-TeX tools for LaTeX (JAW)
\etb@tempcnta=\count266
)
(/usr/share/texmf-dist/tex/generic/listofitems/listofitems.sty
(/usr/share/texmf-dist/tex/generic/listofitems/listofitems.tex
\loi_cnt_foreach_nest=\count267
\loi_nestcnt=\count268
)
Package: listofitems 2019/08/21 v1.63 Grab items in lists using user-specified 
sep char (CT)
)
\c@@stackindex=\count269
\@boxshift=\skip70
\stack@tmplength=\skip71
\temp@stkl=\skip72
\@stackedboxwidth=\skip73
\@addedbox=\box58
\@anchorbox=\box59
\stackedbox=\box60
\@centerbox=\box61
\c@ROWcellindex@=\count270
)
(/usr/share/texmf-dist/tex/generic/ulem/ulem.sty
\UL@box=\box62
\UL@hyphenbox=\box63
\UL@skip=\skip74
\UL@hook=\toks29
\UL@height=\dimen171
\UL@pe=\count271
\UL@pixel=\dimen172
\ULC@box=\box64
Package: ulem 2019/11/18
\ULdepth=\dimen173
)
\xrefbox=\box65
\xreflength=\skip75
\CodeWidthChar=\skip76
\CodeHeightChar=\skip77
\DoxyCodeWidth=\skip78
)
(/usr/share/texmf-dist/tex/latex/base/inputenc.sty
Package: inputenc 2018/08/11 v1.3c Input encoding file
\inpenc@prehook=\toks30
\inpenc@posthook=\toks31
)
(/usr/share/texmf-dist/tex/latex/base/makeidx.sty
Package: makeidx 2014/09/29 v1.0m Standard LaTeX package
)
(/usr/share/texmf-dist/tex/latex/tools/multicol.sty
Package: multicol 2019/12/09 v1.8y multicolumn formatting (FMi)
\c@tracingmulticols=\count272
\mult@box=\box66
\multicol@leftmargin=\dimen174
\c@unbalance=\count273
\c@collectmore=\count274
\doublecol@number=\count275
\multicoltolerance=\count276
\multicolpretolerance=\count277
\full@width=\dimen175
\page@free=\dimen176
\premulticols=\dimen177
\postmulticols=\dimen178
\multicolsep=\skip79
\multicolbaselineskip=\skip80
\partial@page=\box67
\last@line=\box68
\maxbalancingoverflow=\dimen179
\mult@rightbox=\box69
\mult@grightbox=\box70
\mult@gfirstbox=\box71
\mult@firstbox=\box72
\@tempa=\box73
\@tempa=\box74
\@tempa=\box75
\@tempa=\box76
\@tempa=\box77
\@tempa=\box78
\@tempa=\box79
\@tempa=\box80
\@tempa=\box81
\@tempa=\box82
\@tempa=\box83
\@tempa=\box84
\@tempa=\box85
\@tempa=\box86
\@tempa=\box87
\@tempa=\box88
\@tempa=\box89
\@tempa=\box90
\@tempa=\box91
\@tempa=\box92
\@tempa=\box93
\@tempa=\box94
\@tempa=\box95
\@tempa=\box96
\@tempa=\box97
\@tempa=\box98
\@tempa=\box99
\@tempa=\box100
\@tempa=\box101
\@tempa=\box102
\@tempa=\box103
\@tempa=\box104
\@tempa=\box105
\@tempa=\box106
\@tempa=\box107
\@tempa=\box108
\@tempa=\box109
\c@minrows=\count278
\c@columnbadness=\count279
\c@finalcolumnbadness=\count280
\last@try=\dimen180
\multicolovershoot=\dimen181
\multicolundershoot=\dimen182
\mult@nat@firstbox=\box110
\colbreak@box=\box111
\mc@col@check@num=\count281
)
(/usr/share/texmf-dist/tex/latex/base/textcomp.sty
Package: textcomp 2020/02/02 v2.0n Standard LaTeX package
)
(/usr/share/texmf-dist/tex/latex/wasysym/wasysym.sty
Package: wasysym 2020/01/19 v2.4 Wasy-2 symbol support package
\symwasy=\mathgroup6
LaTeX Font Info:    Overwriting symbol font `wasy' in version `bold'
(Font)                  U/wasy/m/n --> U/wasy/b/n on input line 93.
)
(/usr/share/texmf-dist/tex/generic/iftex/ifxetex.sty
Package: ifxetex 2019/10/25 v0.7 ifxetex legacy package. Use iftex instead.
)
(/usr/share/texmf-dist/tex/latex/base/fontenc.sty
Package: fontenc 2020/02/11 v2.0o Standard LaTeX package
)
(/usr/share/texmf-dist/tex/latex/psnfss/helvet.sty
Package: helvet 2020/03/25 PSNFSS-v9.3 (WaS) 
)
(/usr/share/texmf-dist/tex/latex/psnfss/courier.sty
Package: courier 2020/03/25 PSNFSS-v9.3 (WaS) 
)
(/usr/share/texmf-dist/tex/latex/sectsty/sectsty.sty
Package: sectsty 2002/02/25 v2.0.2 Commands to change all sectional heading sty
les


LaTeX Warning: Command \underbar  has changed.
               Check if current package is valid.


LaTeX Warning: Command \underline  has changed.
               Check if current package is valid.

) (/usr/share/texmf-dist/tex/latex/geometry/geometry.sty
Package: geometry 2020/01/02 v5.9 Page Geometry

(/usr/share/texmf-dist/tex/generic/iftex/ifvtex.sty
Package: ifvtex 2019/10/25 v1.7 ifvtex legacy package. Use iftex instead.
)
\Gm@cnth=\count282
\Gm@cntv=\count283
\c@Gm@tempcnt=\count284
\Gm@bindingoffset=\dimen183
\Gm@wd@mp=\dimen184
\Gm@odd@mp=\dimen185
\Gm@even@mp=\dimen186
\Gm@layoutwidth=\dimen187
\Gm@layoutheight=\dimen188
\Gm@layouthoffset=\dimen189
\Gm@layoutvoffset=\dimen190
\Gm@dimlist=\toks32
)
(/usr/share/texmf-dist/tex/latex/fancyhdr/fancyhdr.sty
Package: fancyhdr 2019/01/31 v3.10 Extensive control of page headers and footer
s
\f@nch@headwidth=\skip81
\f@nch@O@elh=\skip82
\f@nch@O@erh=\skip83
\f@nch@O@olh=\skip84
\f@nch@O@orh=\skip85
\f@nch@O@elf=\skip86
\f@nch@O@erf=\skip87
\f@nch@O@olf=\skip88
\f@nch@O@orf=\skip89
)
(/usr/share/texmf-dist/tex/latex/natbib/natbib.sty
Package: natbib 2010/09/13 8.31b (PWD, AO)
\bibhang=\skip90
\bibsep=\skip91
LaTeX Info: Redefining \cite on input line 694.
\c@NAT@ctr=\count285
)
(/usr/share/texmf-dist/tex/latex/tocloft/tocloft.sty
Package: tocloft 2017/08/31 v2.3i parameterised ToC, etc., typesetting
Package tocloft Info: The document has chapter divisions on input line 51.
\cftparskip=\skip92
\cftbeforetoctitleskip=\skip93
\cftaftertoctitleskip=\skip94
\cftbeforepartskip=\skip95
\cftpartnumwidth=\skip96
\cftpartindent=\skip97
\cftbeforechapskip=\skip98
\cftchapindent=\skip99
\cftchapnumwidth=\skip100
\cftbeforesecskip=\skip101
\cftsecindent=\skip102
\cftsecnumwidth=\skip103
\cftbeforesubsecskip=\skip104
\cftsubsecindent=\skip105
\cftsubsecnumwidth=\skip106
\cftbeforesubsubsecskip=\skip107
\cftsubsubsecindent=\skip108
\cftsubsubsecnumwidth=\skip109
\cftbeforeparaskip=\skip110
\cftparaindent=\skip111
\cftparanumwidth=\skip112
\cftbeforesubparaskip=\skip113
\cftsubparaindent=\skip114
\cftsubparanumwidth=\skip115
\cftbeforeloftitleskip=\skip116
\cftafterloftitleskip=\skip117
\cftbeforefigskip=\skip118
\cftfigindent=\skip119
\cftfignumwidth=\skip120
\c@lofdepth=\count286
\c@lotdepth=\count287
\cftbeforelottitleskip=\skip121
\cftafterlottitleskip=\skip122
\cftbeforetabskip=\skip123
\cfttabindent=\skip124
\cfttabnumwidth=\skip125
)
\@indexfile=\write4

Writing index file refman.idx
(/usr/share/texmf-dist/tex/latex/newunicodechar/newunicodechar.sty
Package: newunicodechar 2018/04/08 v1.2 Defining Unicode characters
)

Package newunicodechar Warning: Redefining Unicode character on input line 116.



Package newunicodechar Warning: Redefining Unicode character on input line 117.


(/usr/share/texmf-dist/tex/latex/hyperref/hyperref.sty
Package: hyperref 2020-05-15 v7.00e Hypertext links for LaTeX

(/usr/share/texmf-dist/tex/generic/ltxcmds/ltxcmds.sty
Package: ltxcmds 2019/12/15 v1.24 LaTeX kernel commands for general use (HO)
)
(/usr/share/texmf-dist/tex/latex/pdftexcmds/pdftexcmds.sty
Package: pdftexcmds 2020-06-04 v0.32 Utility functions of pdfTeX for LuaTeX (HO
)

(/usr/share/texmf-dist/tex/generic/infwarerr/infwarerr.sty
Package: infwarerr 2019/12/03 v1.5 Providing info/warning/error messages (HO)
)
Package pdftexcmds Info: \pdf@primitive is available.
Package pdftexcmds Info: \pdf@ifprimitive is available.
Package pdftexcmds Info: \pdfdraftmode is ignored in DVI mode.
)
(/usr/share/texmf-dist/tex/generic/kvsetkeys/kvsetkeys.sty
Package: kvsetkeys 2019/12/15 v1.18 Key value parser (HO)
)
(/usr/share/texmf-dist/tex/generic/kvdefinekeys/kvdefinekeys.sty
Package: kvdefinekeys 2019-12-19 v1.6 Define keys (HO)
)
(/usr/share/texmf-dist/tex/generic/pdfescape/pdfescape.sty
Package: pdfescape 2019/12/09 v1.15 Implements pdfTeX's escape features (HO)
)
(/usr/share/texmf-dist/tex/latex/hycolor/hycolor.sty
Package: hycolor 2020-01-27 v1.10 Color options for hyperref/bookmark (HO)
)
(/usr/share/texmf-dist/tex/latex/letltxmacro/letltxmacro.sty
Package: letltxmacro 2019/12/03 v1.6 Let assignment for LaTeX macros (HO)
)
(/usr/share/texmf-dist/tex/latex/auxhook/auxhook.sty
Package: auxhook 2019-12-17 v1.6 Hooks for auxiliary files (HO)
)
(/usr/share/texmf-dist/tex/latex/kvoptions/kvoptions.sty
Package: kvoptions 2019/11/29 v3.13 Key value format for package options (HO)
)
\@linkdim=\dimen191
\Hy@linkcounter=\count288
\Hy@pagecounter=\count289

(/usr/share/texmf-dist/tex/latex/hyperref/pd1enc.def
File: pd1enc.def 2020-05-15 v7.00e Hyperref: PDFDocEncoding definition (HO)
Now handling font encoding PD1 ...
... no UTF-8 mapping file for font encoding PD1
)
(/usr/share/texmf-dist/tex/generic/intcalc/intcalc.sty
Package: intcalc 2019/12/15 v1.3 Expandable calculations with integers (HO)
)
(/usr/share/texmf-dist/tex/generic/etexcmds/etexcmds.sty
Package: etexcmds 2019/12/15 v1.7 Avoid name clashes with e-TeX commands (HO)
)
\Hy@SavedSpaceFactor=\count290
Package hyperref Info: Hyper figures OFF on input line 4464.
Package hyperref Info: Link nesting OFF on input line 4469.
Package hyperref Info: Hyper index ON on input line 4472.
Package hyperref Info: Plain pages OFF on input line 4479.
Package hyperref Info: Backreferencing ON on input line 4482.
Package hyperref Info: Implicit mode ON; LaTeX internals redefined.
Package hyperref Info: Bookmarks ON on input line 4717.

(/usr/share/texmf-dist/tex/latex/hyperref/backref.sty
Package: backref 2020/01/14 v1.40 Bibliographical back referencing

(/usr/share/texmf-dist/tex/latex/rerunfilecheck/rerunfilecheck.sty
Package: rerunfilecheck 2019/12/05 v1.9 Rerun checks for auxiliary files (HO)

(/usr/share/texmf-dist/tex/latex/atveryend/atveryend.sty
Package: atveryend 2019-12-11 v1.11 Hooks at the very end of document (HO)
)
(/usr/share/texmf-dist/tex/generic/uniquecounter/uniquecounter.sty
Package: uniquecounter 2019/12/15 v1.4 Provide unlimited unique counter (HO)

(/usr/share/texmf-dist/tex/generic/bigintcalc/bigintcalc.sty
Package: bigintcalc 2019/12/15 v1.5 Expandable calculations on big integers (HO
)
))
Package uniquecounter Info: New unique counter `rerunfilecheck' on input line 2
86.
))
\c@Hy@tempcnt=\count291

(/usr/share/texmf-dist/tex/latex/url/url.sty
\Urlmuskip=\muskip16
Package: url 2013/09/16  ver 3.4  Verb mode for urls, etc.
)
LaTeX Info: Redefining \url on input line 5076.
\XeTeXLinkMargin=\dimen192

(/usr/share/texmf-dist/tex/generic/bitset/bitset.sty
Package: bitset 2019/12/09 v1.3 Handle bit-vector datatype (HO)
)
\Fld@menulength=\count292
\Field@Width=\dimen193
\Fld@charsize=\dimen194
Package hyperref Info: Hyper figures OFF on input line 6347.
Package hyperref Info: Link nesting OFF on input line 6352.
Package hyperref Info: Hyper index ON on input line 6355.
Package hyperref Info: backreferencing ON on input line 6360.
Package hyperref Info: Link coloring OFF on input line 6367.
Package hyperref Info: Link coloring with OCG OFF on input line 6372.
Package hyperref Info: PDF/A mode OFF on input line 6377.
LaTeX Info: Redefining \ref on input line 6417.
LaTeX Info: Redefining \pageref on input line 6421.

(/usr/share/texmf-dist/tex/generic/atbegshi/atbegshi.sty
Package: atbegshi 2019/12/05 v1.19 At begin shipout hook (HO)
)
\Hy@abspage=\count293
\c@Item=\count294
\c@Hfootnote=\count295
)
Package hyperref Info: Driver: hdvips.

(/usr/share/texmf-dist/tex/latex/hyperref/hdvips.def
File: hdvips.def 2020-05-15 v7.00e Hyperref driver for dvips

(/usr/share/texmf-dist/tex/latex/hyperref/pdfmark.def
File: pdfmark.def 2020-05-15 v7.00e Hyperref definitions for pdfmark specials
\pdf@docset=\toks33
\pdf@box=\box112
\pdf@toks=\toks34
\pdf@defaulttoks=\toks35
\HyField@AnnotCount=\count296
\Fld@listcount=\count297
\c@bookmark@seq@number=\count298
\Hy@SectionHShift=\skip126
))
Package hyperref Info: Option `colorlinks' set `true' on input line 135.
Package hyperref Info: Option `unicode' set `true' on input line 135.

(/usr/share/texmf-dist/tex/latex/hyperref/puenc.def
File: puenc.def 2020-05-15 v7.00e Hyperref: PDF Unicode definition (HO)
Now handling font encoding PU ...
... no UTF-8 mapping file for font encoding PU
)
(/usr/share/texmf-dist/tex/latex/caption/caption.sty
Package: caption 2020/05/10 v3.4j Customizing captions (AR)

(/usr/share/texmf-dist/tex/latex/caption/caption3.sty
Package: caption3 2020/05/10 v1.11 caption3 kernel (AR)
Package caption3 Info: TeX engine: e-TeX on input line 61.
\captionmargin=\dimen195
\captionmargin@=\dimen196
\captionwidth=\dimen197
\caption@tempdima=\dimen198
\caption@indent=\dimen199
\caption@parindent=\dimen256
\caption@hangindent=\dimen257
Package caption Info: Standard document class detected.
)
\c@caption@flags=\count299
\c@continuedfloat=\count300
Package caption Info: float package is loaded.
Package caption Info: hyperref package is loaded.
Package caption Info: longtable package is loaded.

(/usr/share/texmf-dist/tex/latex/caption/ltcaption.sty
Package: ltcaption 2018/08/26 v1.4a longtable captions (AR)
))
(/usr/share/texmf-dist/tex/latex/etoc/etoc.sty
Package: etoc 2020/05/15 v1.09c Completely customisable TOCs (JFB)
\Etoc@toctoks=\toks36
\c@etoc@tocid=\count301
\c@etoc@tocdepth=\count302
\etoc@framed@titlebox=\box113
\etoc@framed@contentsbox=\box114
)
(/usr/share/texmf-dist/tex/latex/l3backend/l3backend-dvips.def
File: l3backend-dvips.def 2020-06-03 L3 backend support: dvips
\l__pdf_internal_box=\box115
\g__pdf_backend_object_int=\count303
\l__pdf_backend_content_box=\box116
\l__pdf_backend_model_box=\box117
\g__pdf_backend_annotation_int=\count304
\g__pdf_backend_link_int=\count305
\g__pdf_backend_link_sf_int=\count306
) (./refman.aux)
LaTeX Font Info:    Checking defaults for OML/cmm/m/it on input line 150.
LaTeX Font Info:    ... okay on input line 150.
LaTeX Font Info:    Checking defaults for OMS/cmsy/m/n on input line 150.
LaTeX Font Info:    ... okay on input line 150.
LaTeX Font Info:    Checking defaults for OT1/cmr/m/n on input line 150.
LaTeX Font Info:    ... okay on input line 150.
LaTeX Font Info:    Checking defaults for T1/cmr/m/n on input line 150.
LaTeX Font Info:    ... okay on input line 150.
LaTeX Font Info:    Checking defaults for TS1/cmr/m/n on input line 150.
LaTeX Font Info:    ... okay on input line 150.
LaTeX Font Info:    Checking defaults for OMX/cmex/m/n on input line 150.
LaTeX Font Info:    ... okay on input line 150.
LaTeX Font Info:    Checking defaults for U/cmr/m/n on input line 150.
LaTeX Font Info:    ... okay on input line 150.
LaTeX Font Info:    Checking defaults for PD1/pdf/m/n on input line 150.
LaTeX Font Info:    ... okay on input line 150.
LaTeX Font Info:    Checking defaults for PU/pdf/m/n on input line 150.
LaTeX Font Info:    ... okay on input line 150.
LaTeX Font Info:    Trying to load font information for T1+phv on input line 15
0.

(/usr/share/texmf-dist/tex/latex/psnfss/t1phv.fd
File: t1phv.fd 2020/03/25 scalable font definitions for T1/phv.
)
LaTeX Font Info:    Font shape `T1/phv/m/n' will be
(Font)              scaled to size 8.99994pt on input line 150.

*geometry* driver: auto-detecting
*geometry* detected driver: dvips
*geometry* verbose mode - [ preamble ] result:
* driver: dvips
* paper: letterpaper
* layout: <same size as paper>
* layoutoffset:(h,v)=(0.0pt,0.0pt)
* modes: twoside 
* h-part:(L,W,R)=(71.13188pt, 472.03123pt, 71.13188pt)
* v-part:(T,H,B)=(71.13188pt, 652.70622pt, 71.13188pt)
* \paperwidth=614.295pt
* \paperheight=794.96999pt
* \textwidth=472.03123pt
* \textheight=652.70622pt
* \oddsidemargin=-1.1381pt
* \evensidemargin=-1.1381pt
* \topmargin=-31.2056pt
* \headheight=12.0pt
* \headsep=18.06749pt
* \topskip=10.0pt
* \footskip=25.29494pt
* \marginparwidth=125.0pt
* \marginparsep=7.0pt
* \columnsep=10.0pt
* \skip\footins=9.0pt plus 4.0pt minus 2.0pt
* \hoffset=0.0pt
* \voffset=0.0pt
* \mag=1000
* \@twocolumnfalse
* \@twosidetrue
* \@mparswitchtrue
* \@reversemarginfalse
* (1in=72.27pt=25.4mm, 1cm=28.453pt)

Package backref Info: ** backref set up for natbib ** on input line 150.
\AtBeginShipoutBox=\box118
Package hyperref Info: Link coloring ON on input line 150.
(/usr/share/texmf-dist/tex/latex/hyperref/nameref.sty
Package: nameref 2019/09/16 v2.46 Cross-referencing by name of section

(/usr/share/texmf-dist/tex/latex/refcount/refcount.sty
Package: refcount 2019/12/15 v3.6 Data extraction from label references (HO)
)
(/usr/share/texmf-dist/tex/generic/gettitlestring/gettitlestring.sty
Package: gettitlestring 2019/12/15 v1.6 Cleanup title references (HO)
)
\c@section@level=\count307
)
LaTeX Info: Redefining \ref on input line 150.
LaTeX Info: Redefining \pageref on input line 150.
LaTeX Info: Redefining \nameref on input line 150.

(./refman.out) (./refman.out)
\@outlinefile=\write5
Package caption Info: Begin \AtBeginDocument code.
Package caption Info: End \AtBeginDocument code.
\Etoc@tf=\read4
LaTeX Font Info:    Font shape `T1/phv/m/n' will be
(Font)              scaled to size 12.9599pt on input line 157.
LaTeX Font Info:    Font shape `T1/phv/m/n' will be
(Font)              scaled to size 6.29996pt on input line 157.
LaTeX Font Info:    Trying to load font information for U+msa on input line 157
.
 (/usr/share/texmf-dist/tex/latex/amsfonts/umsa.fd
File: umsa.fd 2013/01/14 v3.01 AMS symbols A
)
LaTeX Font Info:    Trying to load font information for U+msb on input line 157
.
 (/usr/share/texmf-dist/tex/latex/amsfonts/umsb.fd
File: umsb.fd 2013/01/14 v3.01 AMS symbols B
)
LaTeX Font Info:    Trying to load font information for U+wasy on input line 15
7.

(/usr/share/texmf-dist/tex/latex/wasysym/uwasy.fd
File: uwasy.fd 2020/01/19 v2.4 Wasy-2 symbol font definitions
)
LaTeX Font Info:    Trying to load font information for TS1+phv on input line 1
57.

(/usr/share/texmf-dist/tex/latex/psnfss/ts1phv.fd
File: ts1phv.fd 2020/03/25 scalable font definitions for TS1/phv.
)
LaTeX Font Info:    Font shape `TS1/phv/m/n' will be
(Font)              scaled to size 12.9599pt on input line 157.
LaTeX Font Info:    Font shape `T1/phv/m/n' will be
(Font)              scaled to size 10.79993pt on input line 159.
 [1


] [2

]
\tf@toc=\write6
LaTeX Font Info:    Font shape `T1/phv/b/n' will be
(Font)              scaled to size 8.99994pt on input line 165.
LaTeX Font Info:    Font shape `T1/phv/b/n' will be
(Font)              scaled to size 6.29996pt on input line 165.
 [1] [2] [3] [4]
[5] [6] [7] [8] [9] [10]
Chapter 1.
LaTeX Font Info:    Font shape `T1/phv/m/n' will be
(Font)              scaled to size 18.66588pt on input line 169.
LaTeX Font Info:    Font shape `T1/phv/b/n' will be
(Font)              scaled to size 18.66588pt on input line 169.
LaTeX Font Info:    Font shape `T1/phv/bc/n' will be
(Font)              scaled to size 18.66588pt on input line 169.
LaTeX Font Info:    Font shape `T1/phv/m/n' will be
(Font)              scaled to size 22.39185pt on input line 169.
LaTeX Font Info:    Font shape `T1/phv/b/n' will be
(Font)              scaled to size 22.39185pt on input line 169.
LaTeX Font Info:    Font shape `T1/phv/bc/n' will be
(Font)              scaled to size 22.39185pt on input line 169.
(./index.tex) [1


] [2

]
Chapter 2.
(./modules.tex
LaTeX Font Info:    Font shape `T1/phv/b/n' will be
(Font)              scaled to size 12.9599pt on input line 1.
) [3] [4

]
Chapter 3.
(./hierarchy.tex [5]) [6]
Chapter 4.
(./annotated.tex [7

]) [8]
Chapter 5.
(./files.tex [9

]) [10]
Chapter 6.
(./group__block.tex) [11

] [12

]
Chapter 7.
(./namespacegr.tex
LaTeX Font Info:    Font shape `T1/phv/b/n' will be
(Font)              scaled to size 10.79993pt on input line 3.
LaTeX Font Info:    Font shape `TS1/phv/m/n' will be
(Font)              scaled to size 8.99994pt on input line 6.
) (./namespacegr_1_1lora__sdr.tex
LaTeX Font Info:    Font shape `T1/phv/m/n' will be
(Font)              scaled to size 8.09995pt on input line 7.
LaTeX Font Info:    Font shape `T1/phv/m/it' in size <9> not available
(Font)              Font shape `T1/phv/m/sl' tried instead on input line 7.
LaTeX Font Info:    Font shape `T1/phv/m/sl' will be
(Font)              scaled to size 8.09995pt on input line 7.
 [13]
LaTeX Font Info:    Font shape `T1/phv/m/it' in size <7> not available
(Font)              Font shape `T1/phv/m/sl' tried instead on input line 88.
LaTeX Font Info:    Font shape `T1/phv/m/sl' will be
(Font)              scaled to size 6.29996pt on input line 88.
 [14]
LaTeX Font Info:    Font shape `T1/phv/m/n' will be
(Font)              scaled to size 7.19995pt on input line 107.
LaTeX Font Info:    Trying to load font information for T1+pcr on input line 10
7.

(/usr/share/texmf-dist/tex/latex/psnfss/t1pcr.fd
File: t1pcr.fd 2001/06/04 font definitions for T1/pcr.
)
LaTeX Font Info:    Font shape `T1/pcr/m/it' in size <8> not available
(Font)              Font shape `T1/pcr/m/sl' tried instead on input line 107.
 [15] [16]
LaTeX Font Info:    Font shape `T1/pcr/m/it' in size <7> not available
(Font)              Font shape `T1/pcr/m/sl' tried instead on input line 160.
 [17]) [18]
Chapter 8.
(./classgr_1_1lora__sdr_1_1add__crc.tex
File: classgr_1_1lora__sdr_1_1add__crc__inherit__graph.eps Graphic file (type e
ps)

<classgr_1_1lora__sdr_1_1add__crc__inherit__graph.eps> [19

]
Underfull \hbox (badness 986) in paragraph at lines 57--58
[]\T1/phv/m/n/10 To avoid ac-ci-den-tal use of raw point-ers, []\TS1/phv/m/n/10
 '\T1/phv/m/n/10 s con-struc-tor is in a pri-vate im-ple-men-ta-tion class.
 []

) (./classgr_1_1lora__sdr_1_1add__crc__impl.tex
File: classgr_1_1lora__sdr_1_1add__crc__impl__inherit__graph.eps Graphic file (
type eps)

<classgr_1_1lora__sdr_1_1add__crc__impl__inherit__graph.eps> [20])
(./classgr_1_1lora__sdr_1_1crc__verif.tex [21]
File: classgr_1_1lora__sdr_1_1crc__verif__inherit__graph.eps Graphic file (type
 eps)

<classgr_1_1lora__sdr_1_1crc__verif__inherit__graph.eps> [22]
Underfull \hbox (badness 870) in paragraph at lines 57--58
[]\T1/phv/m/n/10 To avoid ac-ci-den-tal use of raw point-ers, []\TS1/phv/m/n/10
 '\T1/phv/m/n/10 s con-struc-tor is in a pri-vate im-ple-men-ta-tion class.
 []

) (./classgr_1_1lora__sdr_1_1crc__verif__impl.tex
File: classgr_1_1lora__sdr_1_1crc__verif__impl__inherit__graph.eps Graphic file
 (type eps)

<classgr_1_1lora__sdr_1_1crc__verif__impl__inherit__graph.eps> [23])
(./classgr_1_1lora__sdr_1_1data__source.tex
File: classgr_1_1lora__sdr_1_1data__source__inherit__graph.eps Graphic file (ty
pe eps)

<classgr_1_1lora__sdr_1_1data__source__inherit__graph.eps> [24] [25])
(./classgr_1_1lora__sdr_1_1data__source__impl.tex
File: classgr_1_1lora__sdr_1_1data__source__impl__inherit__graph.eps Graphic fi
le (type eps)

<classgr_1_1lora__sdr_1_1data__source__impl__inherit__graph.eps> [26])
(./classgr_1_1lora__sdr_1_1deinterleaver.tex
File: classgr_1_1lora__sdr_1_1deinterleaver__inherit__graph.eps Graphic file (t
ype eps)

<classgr_1_1lora__sdr_1_1deinterleaver__inherit__graph.eps> [27] [28])
(./classgr_1_1lora__sdr_1_1deinterleaver__impl.tex
File: classgr_1_1lora__sdr_1_1deinterleaver__impl__inherit__graph.eps Graphic f
ile (type eps)

<classgr_1_1lora__sdr_1_1deinterleaver__impl__inherit__graph.eps> [29])
(./classgr_1_1lora__sdr_1_1dewhitening.tex
File: classgr_1_1lora__sdr_1_1dewhitening__inherit__graph.eps Graphic file (typ
e eps)

<classgr_1_1lora__sdr_1_1dewhitening__inherit__graph.eps> [30] [31])
(./classgr_1_1lora__sdr_1_1dewhitening__impl.tex
File: classgr_1_1lora__sdr_1_1dewhitening__impl__inherit__graph.eps Graphic fil
e (type eps)

<classgr_1_1lora__sdr_1_1dewhitening__impl__inherit__graph.eps> [32])
(./classgr_1_1lora__sdr_1_1err__measures.tex
File: classgr_1_1lora__sdr_1_1err__measures__inherit__graph.eps Graphic file (t
ype eps)

<classgr_1_1lora__sdr_1_1err__measures__inherit__graph.eps> [33] [34])
(./classgr_1_1lora__sdr_1_1err__measures__impl.tex
File: classgr_1_1lora__sdr_1_1err__measures__impl__inherit__graph.eps Graphic f
ile (type eps)

<classgr_1_1lora__sdr_1_1err__measures__impl__inherit__graph.eps> [35])
(./classgr_1_1lora__sdr_1_1fft__demod.tex
File: classgr_1_1lora__sdr_1_1fft__demod__inherit__graph.eps Graphic file (type
 eps)

<classgr_1_1lora__sdr_1_1fft__demod__inherit__graph.eps> [36] [37])
(./classgr_1_1lora__sdr_1_1fft__demod__impl.tex
File: classgr_1_1lora__sdr_1_1fft__demod__impl__inherit__graph.eps Graphic file
 (type eps)

<classgr_1_1lora__sdr_1_1fft__demod__impl__inherit__graph.eps> [38])
(./classgr_1_1lora__sdr_1_1frame__sync.tex
File: classgr_1_1lora__sdr_1_1frame__sync__inherit__graph.eps Graphic file (typ
e eps)

<classgr_1_1lora__sdr_1_1frame__sync__inherit__graph.eps> [39] [40])
(./classgr_1_1lora__sdr_1_1frame__sync__impl.tex
File: classgr_1_1lora__sdr_1_1frame__sync__impl__inherit__graph.eps Graphic fil
e (type eps)

<classgr_1_1lora__sdr_1_1frame__sync__impl__inherit__graph.eps> [41])
(./classgr_1_1lora__sdr_1_1gray__decode.tex [42]
File: classgr_1_1lora__sdr_1_1gray__decode__inherit__graph.eps Graphic file (ty
pe eps)

<classgr_1_1lora__sdr_1_1gray__decode__inherit__graph.eps> [43])
(./classgr_1_1lora__sdr_1_1gray__decode__impl.tex
File: classgr_1_1lora__sdr_1_1gray__decode__impl__inherit__graph.eps Graphic fi
le (type eps)

<classgr_1_1lora__sdr_1_1gray__decode__impl__inherit__graph.eps> [44] [45])
(./classgr_1_1lora__sdr_1_1gray__enc.tex
File: classgr_1_1lora__sdr_1_1gray__enc__inherit__graph.eps Graphic file (type 
eps)

<classgr_1_1lora__sdr_1_1gray__enc__inherit__graph.eps> [46])
(./classgr_1_1lora__sdr_1_1gray__enc__impl.tex
File: classgr_1_1lora__sdr_1_1gray__enc__impl__inherit__graph.eps Graphic file 
(type eps)

<classgr_1_1lora__sdr_1_1gray__enc__impl__inherit__graph.eps> [47] [48])
(./classgr_1_1lora__sdr_1_1hamming__dec.tex
File: classgr_1_1lora__sdr_1_1hamming__dec__inherit__graph.eps Graphic file (ty
pe eps)

<classgr_1_1lora__sdr_1_1hamming__dec__inherit__graph.eps> [49])
(./classgr_1_1lora__sdr_1_1hamming__dec__impl.tex
File: classgr_1_1lora__sdr_1_1hamming__dec__impl__inherit__graph.eps Graphic fi
le (type eps)

<classgr_1_1lora__sdr_1_1hamming__dec__impl__inherit__graph.eps> [50] [51])
(./classgr_1_1lora__sdr_1_1hamming__enc.tex
File: classgr_1_1lora__sdr_1_1hamming__enc__inherit__graph.eps Graphic file (ty
pe eps)

<classgr_1_1lora__sdr_1_1hamming__enc__inherit__graph.eps> [52])
(./classgr_1_1lora__sdr_1_1hamming__enc__impl.tex
File: classgr_1_1lora__sdr_1_1hamming__enc__impl__inherit__graph.eps Graphic fi
le (type eps)

<classgr_1_1lora__sdr_1_1hamming__enc__impl__inherit__graph.eps> [53] [54])
(./classgr_1_1lora__sdr_1_1header.tex
File: classgr_1_1lora__sdr_1_1header__inherit__graph.eps Graphic file (type eps
)

<classgr_1_1lora__sdr_1_1header__inherit__graph.eps> [55]
Underfull \hbox (badness 1270) in paragraph at lines 57--58
[]\T1/phv/m/n/10 To avoid ac-ci-den-tal use of raw point-ers, []\TS1/phv/m/n/10
 '\T1/phv/m/n/10 s con-struc-tor is in a pri-vate im-ple-men-ta-tion class.
 []

) (./classgr_1_1lora__sdr_1_1header__decoder.tex
File: classgr_1_1lora__sdr_1_1header__decoder__inherit__graph.eps Graphic file 
(type eps)

<classgr_1_1lora__sdr_1_1header__decoder__inherit__graph.eps> [56] [57])
(./classgr_1_1lora__sdr_1_1header__decoder__impl.tex
File: classgr_1_1lora__sdr_1_1header__decoder__impl__inherit__graph.eps Graphic
 file (type eps)

<classgr_1_1lora__sdr_1_1header__decoder__impl__inherit__graph.eps> [58])
(./classgr_1_1lora__sdr_1_1header__impl.tex [59]
File: classgr_1_1lora__sdr_1_1header__impl__inherit__graph.eps Graphic file (ty
pe eps)

<classgr_1_1lora__sdr_1_1header__impl__inherit__graph.eps> [60])
(./classgr_1_1lora__sdr_1_1interleaver.tex
File: classgr_1_1lora__sdr_1_1interleaver__inherit__graph.eps Graphic file (typ
e eps)

<classgr_1_1lora__sdr_1_1interleaver__inherit__graph.eps> [61] [62])
(./classgr_1_1lora__sdr_1_1interleaver__impl.tex
File: classgr_1_1lora__sdr_1_1interleaver__impl__inherit__graph.eps Graphic fil
e (type eps)

<classgr_1_1lora__sdr_1_1interleaver__impl__inherit__graph.eps> [63])
(./structkiss__fft__cpx.tex [64]) (./structkiss__fft__state.tex [65])
(./classgr_1_1lora__sdr_1_1lora__sdr.tex
File: classgr_1_1lora__sdr_1_1lora__sdr__inherit__graph.eps Graphic file (type 
eps)

<classgr_1_1lora__sdr_1_1lora__sdr__inherit__graph.eps> [66]
Underfull \hbox (badness 963) in paragraph at lines 57--58
[]\T1/phv/m/n/10 To avoid ac-ci-den-tal use of raw point-ers, []\TS1/phv/m/n/10
 '\T1/phv/m/n/10 s con-struc-tor is in a pri-vate im-ple-men-ta-tion class.
 []

) (./classgr_1_1lora__sdr_1_1lora__sdr__impl.tex
File: classgr_1_1lora__sdr_1_1lora__sdr__impl__inherit__graph.eps Graphic file 
(type eps)

<classgr_1_1lora__sdr_1_1lora__sdr__impl__inherit__graph.eps> [67] [68])
(./classgr_1_1lora__sdr_1_1modulate.tex
File: classgr_1_1lora__sdr_1_1modulate__inherit__graph.eps Graphic file (type e
ps)

<classgr_1_1lora__sdr_1_1modulate__inherit__graph.eps> [69])
(./classgr_1_1lora__sdr_1_1modulate__impl.tex
File: classgr_1_1lora__sdr_1_1modulate__impl__inherit__graph.eps Graphic file (
type eps)

<classgr_1_1lora__sdr_1_1modulate__impl__inherit__graph.eps> [70] [71])
(./classgr_1_1lora__sdr_1_1RH__RF95__header.tex
File: classgr_1_1lora__sdr_1_1RH__RF95__header__inherit__graph.eps Graphic file
 (type eps)

<classgr_1_1lora__sdr_1_1RH__RF95__header__inherit__graph.eps> [72])
(./classgr_1_1lora__sdr_1_1RH__RF95__header__impl.tex
File: classgr_1_1lora__sdr_1_1RH__RF95__header__impl__inherit__graph.eps Graphi
c file (type eps)

<classgr_1_1lora__sdr_1_1RH__RF95__header__impl__inherit__graph.eps> [73]
[74]) (./classgr_1_1lora__sdr_1_1whitening.tex
File: classgr_1_1lora__sdr_1_1whitening__inherit__graph.eps Graphic file (type 
eps)

<classgr_1_1lora__sdr_1_1whitening__inherit__graph.eps> [75])
(./classgr_1_1lora__sdr_1_1whitening__impl.tex
File: classgr_1_1lora__sdr_1_1whitening__impl__inherit__graph.eps Graphic file 
(type eps)

<classgr_1_1lora__sdr_1_1whitening__impl__inherit__graph.eps> [76] [77])
[78]
Chapter 9.
(./__kiss__fft__guts_8h.tex
File: __kiss__fft__guts_8h__incl.eps Graphic file (type eps)
 <__kiss__fft__guts_8h__incl.eps> [79

] [80] [81]
[82]) (./add__crc_8h.tex
File: add__crc_8h__incl.eps Graphic file (type eps)
 <add__crc_8h__incl.eps> [83]
File: add__crc_8h__dep__incl.eps Graphic file (type eps)

<add__crc_8h__dep__incl.eps>) (./add__crc__impl_8h.tex
File: add__crc__impl_8h__incl.eps Graphic file (type eps)

<add__crc__impl_8h__incl.eps> [84]) (./api_8h.tex
File: api_8h__incl.eps Graphic file (type eps)
 <api_8h__incl.eps>
File: api_8h__dep__incl.eps Graphic file (type eps)

<api_8h__dep__incl.eps> [85]) (./crc__verif_8h.tex
File: crc__verif_8h__incl.eps Graphic file (type eps)
 <crc__verif_8h__incl.eps>
File: crc__verif_8h__dep__incl.eps Graphic file (type eps)

<crc__verif_8h__dep__incl.eps> [86]) (./crc__verif__impl_8h.tex
File: crc__verif__impl_8h__incl.eps Graphic file (type eps)

<crc__verif__impl_8h__incl.eps> [87]) (./data__source_8h.tex
File: data__source_8h__incl.eps Graphic file (type eps)

<data__source_8h__incl.eps>
File: data__source_8h__dep__incl.eps Graphic file (type eps)
 <data__source_8h__dep__incl.eps>)
(./data__source__impl_8h.tex
File: data__source__impl_8h__incl.eps Graphic file (type eps)
 <data__source__impl_8h__incl.eps> [88])
(./deinterleaver_8h.tex
File: deinterleaver_8h__incl.eps Graphic file (type eps)
 <deinterleaver_8h__incl.eps>
File: deinterleaver_8h__dep__incl.eps Graphic file (type eps)

<deinterleaver_8h__dep__incl.eps> [89]) (./deinterleaver__impl_8h.tex
File: deinterleaver__impl_8h__incl.eps Graphic file (type eps)

<deinterleaver__impl_8h__incl.eps> [90]) (./dewhitening_8h.tex
File: dewhitening_8h__incl.eps Graphic file (type eps)

<dewhitening_8h__incl.eps>
File: dewhitening_8h__dep__incl.eps Graphic file (type eps)
 <dewhitening_8h__dep__incl.eps>)
(./dewhitening__impl_8h.tex
File: dewhitening__impl_8h__incl.eps Graphic file (type eps)
 <dewhitening__impl_8h__incl.eps> [91])
(./err__measures_8h.tex
File: err__measures_8h__incl.eps Graphic file (type eps)
 <err__measures_8h__incl.eps> [92]
File: err__measures_8h__dep__incl.eps Graphic file (type eps)

<err__measures_8h__dep__incl.eps>) (./err__measures__impl_8h.tex
File: err__measures__impl_8h__incl.eps Graphic file (type eps)

<err__measures__impl_8h__incl.eps> [93]) (./fft__demod_8h.tex
File: fft__demod_8h__incl.eps Graphic file (type eps)

<fft__demod_8h__incl.eps> [94]
File: fft__demod_8h__dep__incl.eps Graphic file (type eps)
 <fft__demod_8h__dep__incl.eps>)
(./fft__demod__impl_8h.tex
File: fft__demod__impl_8h__incl.eps Graphic file (type eps)
 <fft__demod__impl_8h__incl.eps> [95])
(./frame__sync_8h.tex
File: frame__sync_8h__incl.eps Graphic file (type eps)
 <frame__sync_8h__incl.eps>
File: frame__sync_8h__dep__incl.eps Graphic file (type eps)

<frame__sync_8h__dep__incl.eps> [96]) (./frame__sync__impl_8h.tex
File: frame__sync__impl_8h__incl.eps Graphic file (type eps)

<frame__sync__impl_8h__incl.eps>) (./gray__decode_8h.tex
File: gray__decode_8h__incl.eps Graphic file (type eps)

<gray__decode_8h__incl.eps> [97]
File: gray__decode_8h__dep__incl.eps Graphic file (type eps)
 <gray__decode_8h__dep__incl.eps>)
(./gray__decode__impl_8h.tex
File: gray__decode__impl_8h__incl.eps Graphic file (type eps)
 <gray__decode__impl_8h__incl.eps> [98])
(./gray__enc_8h.tex
File: gray__enc_8h__incl.eps Graphic file (type eps)
 <gray__enc_8h__incl.eps> [99]
File: gray__enc_8h__dep__incl.eps Graphic file (type eps)

<gray__enc_8h__dep__incl.eps>) (./gray__enc__impl_8h.tex
File: gray__enc__impl_8h__incl.eps Graphic file (type eps)

<gray__enc__impl_8h__incl.eps> [100]) (./group__defs_8dox.tex)
(./hamming__dec_8h.tex
File: hamming__dec_8h__incl.eps Graphic file (type eps)
 <hamming__dec_8h__incl.eps> [101]
File: hamming__dec_8h__dep__incl.eps Graphic file (type eps)

<hamming__dec_8h__dep__incl.eps>) (./hamming__dec__impl_8h.tex
File: hamming__dec__impl_8h__incl.eps Graphic file (type eps)

<hamming__dec__impl_8h__incl.eps> [102]) (./hamming__enc_8h.tex
File: hamming__enc_8h__incl.eps Graphic file (type eps)

<hamming__enc_8h__incl.eps>
File: hamming__enc_8h__dep__incl.eps Graphic file (type eps)
 <hamming__enc_8h__dep__incl.eps> [103])
(./hamming__enc__impl_8h.tex
File: hamming__enc__impl_8h__incl.eps Graphic file (type eps)
 <hamming__enc__impl_8h__incl.eps> [104])
(./header_8h.tex
File: header_8h__incl.eps Graphic file (type eps)
 <header_8h__incl.eps>
File: header_8h__dep__incl.eps Graphic file (type eps)
 <header_8h__dep__incl.eps> [105])
(./header__decoder_8h.tex
File: header__decoder_8h__incl.eps Graphic file (type eps)
 <header__decoder_8h__incl.eps>
File: header__decoder_8h__dep__incl.eps Graphic file (type eps)

<header__decoder_8h__dep__incl.eps>) (./header__decoder__impl_8h.tex
File: header__decoder__impl_8h__incl.eps Graphic file (type eps)

<header__decoder__impl_8h__incl.eps> [106]) (./header__impl_8h.tex
File: header__impl_8h__incl.eps Graphic file (type eps)

<header__impl_8h__incl.eps> [107]) (./interleaver_8h.tex
File: interleaver_8h__incl.eps Graphic file (type eps)

<interleaver_8h__incl.eps>
File: interleaver_8h__dep__incl.eps Graphic file (type eps)
 <interleaver_8h__dep__incl.eps> [108])
(./interleaver__impl_8h.tex
File: interleaver__impl_8h__incl.eps Graphic file (type eps)
 <interleaver__impl_8h__incl.eps> [109])
(./kiss__fft_8h.tex
File: kiss__fft_8h__incl.eps Graphic file (type eps)
 <kiss__fft_8h__incl.eps>
File: kiss__fft_8h__dep__incl.eps Graphic file (type eps)
 <kiss__fft_8h__dep__incl.eps>
[110] [111] [112]) (./lora__sdr_8h.tex
File: lora__sdr_8h__incl.eps Graphic file (type eps)
 <lora__sdr_8h__incl.eps>
File: lora__sdr_8h__dep__incl.eps Graphic file (type eps)

<lora__sdr_8h__dep__incl.eps> [113]) (./lora__sdr__impl_8h.tex
File: lora__sdr__impl_8h__incl.eps Graphic file (type eps)

<lora__sdr__impl_8h__incl.eps>) (./main__page_8dox.tex) (./modulate_8h.tex
File: modulate_8h__incl.eps Graphic file (type eps)

<modulate_8h__incl.eps> [114]
File: modulate_8h__dep__incl.eps Graphic file (type eps)
 <modulate_8h__dep__incl.eps>)
(./modulate__impl_8h.tex
File: modulate__impl_8h__incl.eps Graphic file (type eps)
 <modulate__impl_8h__incl.eps> [115])
(./RH__RF95__header_8h.tex
File: RH__RF95__header_8h__incl.eps Graphic file (type eps)
 <RH__RF95__header_8h__incl.eps>
File: RH__RF95__header_8h__dep__incl.eps Graphic file (type eps)

<RH__RF95__header_8h__dep__incl.eps> [116]) (./RH__RF95__header__impl_8h.tex
File: RH__RF95__header__impl_8h__incl.eps Graphic file (type eps)

<RH__RF95__header__impl_8h__incl.eps> [117]) (./tables_8h.tex)
(./utilities_8h.tex
File: utilities_8h__incl.eps Graphic file (type eps)
 <utilities_8h__incl.eps>
File: utilities_8h__dep__incl.eps Graphic file (type eps)
 <utilities_8h__dep__incl.eps>
[118]) (./whitening_8h.tex
File: whitening_8h__incl.eps Graphic file (type eps)
 <whitening_8h__incl.eps>
File: whitening_8h__dep__incl.eps Graphic file (type eps)

<whitening_8h__dep__incl.eps> [119]) (./whitening__impl_8h.tex
File: whitening__impl_8h__incl.eps Graphic file (type eps)

<whitening__impl_8h__incl.eps>) [120] (./refman.ind [121



] [122] [123] [124]
[125])
Package atveryend Info: Empty hook `BeforeClearDocument' on input line 281.
Package atveryend Info: Empty hook `AfterLastShipout' on input line 281.
 (./refman.aux)
Package atveryend Info: Empty hook `AtVeryEndDocument' on input line 281.
Package atveryend Info: Executing hook `AtEndAfterFileList' on input line 281.
Package rerunfilecheck Info: File `refman.out' has not changed.
(rerunfilecheck)             Checksum: 51E6C29F17B6B5064196CA03CF07D546;65428.
 ) 
Here is how much of TeX's memory you used:
 17365 strings out of 480479
 275768 string characters out of 5905984
 704598 words of memory out of 5000000
 32911 multiletter control sequences out of 15000+600000
 577193 words of font info for 85 fonts, out of 8000000 for 9000
 1141 hyphenation exceptions out of 8191
 55i,16n,96p,984b,627s stack positions out of 5000i,500n,10000p,200000b,80000s

Output written on refman.dvi (137 pages, 1023296 bytes).
